TN:
SF:src/main.js
FNF:0
FNH:0
DA:10,17
DA:11,17
DA:13,17
DA:14,17
DA:15,17
DA:16,17
LF:6
LH:6
BRF:0
BRH:0
end_of_record
TN:
SF:src/router/index.js
FN:19,(anonymous_0)
FN:32,(anonymous_1)
FN:45,(anonymous_2)
FN:73,(anonymous_3)
FN:86,(anonymous_4)
FN:99,(anonymous_5)
FNF:6
FNH:6
FNDA:11,(anonymous_0)
FNDA:1,(anonymous_1)
FNDA:4,(anonymous_2)
FNDA:2,(anonymous_3)
FNDA:1,(anonymous_4)
FNDA:1,(anonymous_5)
DA:14,17
DA:20,11
DA:21,11
DA:22,0
DA:24,11
DA:33,1
DA:34,1
DA:35,0
DA:37,1
DA:46,4
DA:47,4
DA:48,0
DA:50,4
DA:74,2
DA:75,2
DA:76,1
DA:78,1
DA:87,1
DA:88,1
DA:89,0
DA:91,1
DA:100,1
DA:101,1
DA:102,0
DA:104,1
DA:110,17
LF:26
LH:21
BRDA:21,0,0,0
BRDA:21,0,1,11
BRDA:34,1,0,0
BRDA:34,1,1,1
BRDA:47,2,0,0
BRDA:47,2,1,4
BRDA:75,3,0,1
BRDA:75,3,1,1
BRDA:88,4,0,0
BRDA:88,4,1,1
BRDA:88,5,0,1
BRDA:88,5,1,0
BRDA:101,6,0,0
BRDA:101,6,1,1
BRDA:101,7,0,1
BRDA:101,7,1,0
BRF:16
BRH:9
end_of_record
TN:
SF:src/services/ahoy.js
FN:3,trackEvent
FNF:1
FNH:1
FNDA:1,trackEvent
DA:4,1
DA:5,1
DA:14,0
LF:3
LH:2
BRDA:3,0,0,0
BRDA:3,1,0,0
BRDA:4,2,0,1
BRF:3
BRH:1
end_of_record
TN:
SF:src/services/api.js
FNF:0
FNH:0
DA:3,17
DA:5,17
LF:2
LH:2
BRDA:3,0,0,17
BRDA:3,0,1,17
BRF:2
BRH:2
end_of_record
TN:
SF:src/stores/UserStore.js
FN:6,(anonymous_0)
FN:9,(anonymous_1)
FN:36,(anonymous_2)
FN:50,(anonymous_3)
FN:52,(anonymous_4)
FN:54,(anonymous_5)
FN:59,(anonymous_6)
FN:89,(anonymous_7)
FN:115,(anonymous_8)
FNF:9
FNH:7
FNDA:17,(anonymous_0)
FNDA:17,(anonymous_1)
FNDA:18,(anonymous_2)
FNDA:18,(anonymous_3)
FNDA:7,(anonymous_4)
FNDA:7,(anonymous_5)
FNDA:2,(anonymous_6)
FNDA:0,(anonymous_7)
FNDA:0,(anonymous_8)
DA:6,17
DA:9,17
DA:10,17
DA:11,17
DA:13,17
DA:14,15
DA:16,2
DA:18,0
DA:20,0
DA:21,0
DA:26,17
DA:27,17
DA:30,17
DA:31,0
DA:32,0
DA:36,17
DA:37,18
DA:39,3
DA:40,3
DA:42,15
DA:47,17
DA:50,18
DA:52,17
DA:53,7
DA:54,7
DA:59,17
DA:60,2
DA:61,1
DA:63,1
DA:64,1
DA:67,1
DA:68,1
DA:69,1
DA:70,1
DA:72,0
DA:75,0
DA:79,1
DA:81,1
DA:83,0
DA:86,0
DA:89,17
DA:90,0
DA:91,0
DA:92,0
DA:95,0
DA:97,0
DA:100,0
DA:101,0
DA:103,0
DA:104,0
DA:107,0
DA:108,0
DA:109,0
DA:110,0
DA:111,0
DA:115,17
DA:116,0
DA:117,0
DA:118,0
DA:119,0
DA:125,17
LF:61
LH:34
BRDA:13,0,0,15
BRDA:13,1,0,17
BRDA:13,1,1,2
BRDA:13,1,2,2
BRDA:30,2,0,0
BRDA:30,3,0,17
BRDA:30,3,1,17
BRDA:37,4,0,3
BRDA:37,4,1,15
BRDA:39,5,0,0
BRDA:39,5,1,3
BRDA:53,6,0,0
BRDA:53,7,0,7
BRDA:53,7,1,7
BRDA:61,8,0,1
BRDA:61,8,1,0
BRDA:67,9,0,1
BRDA:67,9,1,0
BRDA:91,10,0,0
BRF:19
BRH:13
end_of_record
