TN:
SF:src/App.vue
FN:6,(anonymous_0)
FN:11,(anonymous_1)
FN:19,(anonymous_2)
FN:24,(anonymous_3)
FN:29,(anonymous_4)
FN:34,(anonymous_5)
FN:39,(anonymous_6)
FN:44,(anonymous_7)
FN:68,(anonymous_8)
FN:74,(anonymous_9)
FN:77,(anonymous_10)
FN:95,_toConsumableArray
FN:96,_nonIterableSpread
FN:97,_unsupportedIterableToArray
FN:98,_iterableToArray
FN:99,_arrayWithoutHoles
FN:100,_arrayLikeToArray
FN:110,render
FN:124,(anonymous_18)
FN:128,(anonymous_19)
FN:130,(anonymous_20)
FN:141,(anonymous_21)
FN:149,(anonymous_22)
FN:152,(anonymous_23)
FN:158,(anonymous_24)
FN:160,(anonymous_25)
FN:164,(anonymous_26)
FN:166,(anonymous_27)
FN:176,(anonymous_28)
FN:178,(anonymous_29)
FN:198,(anonymous_30)
FN:207,(anonymous_31)
FN:216,(anonymous_32)
FN:224,(anonymous_33)
FN:230,(anonymous_34)
FN:240,(anonymous_35)
FN:241,(anonymous_36)
FNF:37
FNH:0
FNDA:0,(anonymous_0)
FNDA:0,(anonymous_1)
FNDA:0,(anonymous_2)
FNDA:0,(anonymous_3)
FNDA:0,(anonymous_4)
FNDA:0,(anonymous_5)
FNDA:0,(anonymous_6)
FNDA:0,(anonymous_7)
FNDA:0,(anonymous_8)
FNDA:0,(anonymous_9)
FNDA:0,(anonymous_10)
FNDA:0,_toConsumableArray
FNDA:0,_nonIterableSpread
FNDA:0,_unsupportedIterableToArray
FNDA:0,_iterableToArray
FNDA:0,_arrayWithoutHoles
FNDA:0,_arrayLikeToArray
FNDA:0,render
FNDA:0,(anonymous_18)
FNDA:0,(anonymous_19)
FNDA:0,(anonymous_20)
FNDA:0,(anonymous_21)
FNDA:0,(anonymous_22)
FNDA:0,(anonymous_23)
FNDA:0,(anonymous_24)
FNDA:0,(anonymous_25)
FNDA:0,(anonymous_26)
FNDA:0,(anonymous_27)
FNDA:0,(anonymous_28)
FNDA:0,(anonymous_29)
FNDA:0,(anonymous_30)
FNDA:0,(anonymous_31)
FNDA:0,(anonymous_32)
FNDA:0,(anonymous_33)
FNDA:0,(anonymous_34)
FNDA:0,(anonymous_35)
FNDA:0,(anonymous_36)
DA:9,0
DA:10,0
DA:11,0
DA:12,0
DA:13,0
DA:16,0
DA:17,0
DA:18,0
DA:19,0
DA:20,0
DA:24,0
DA:25,0
DA:29,0
DA:30,0
DA:34,0
DA:35,0
DA:39,0
DA:40,0
DA:41,0
DA:42,0
DA:44,0
DA:45,0
DA:46,0
DA:47,0
DA:53,0
DA:54,0
DA:69,0
DA:75,0
DA:78,0
DA:81,0
DA:85,0
DA:90,0
DA:93,0
DA:94,0
DA:95,0
DA:96,0
DA:97,0
DA:98,0
DA:99,0
DA:100,0
DA:101,0
DA:107,0
DA:111,0
DA:112,0
DA:113,0
DA:114,0
DA:115,0
DA:116,0
DA:117,0
DA:118,0
DA:119,0
DA:120,0
DA:121,0
DA:122,0
DA:123,0
DA:125,0
DA:129,0
DA:131,0
DA:142,0
DA:150,0
DA:151,0
DA:153,0
DA:159,0
DA:161,0
DA:165,0
DA:167,0
DA:177,0
DA:179,0
DA:199,0
DA:208,0
DA:217,0
DA:225,0
DA:231,0
DA:241,0
DA:242,0
DA:252,0
LF:76
LH:0
BRDA:39,0,0,0
BRDA:95,1,0,0
BRDA:95,1,1,0
BRDA:95,1,2,0
BRDA:95,1,3,0
BRDA:97,2,0,0
BRDA:97,2,1,0
BRDA:97,3,0,0
BRDA:97,3,1,0
BRDA:97,4,0,0
BRDA:97,4,1,0
BRDA:97,4,2,0
BRDA:97,5,0,0
BRDA:97,5,1,0
BRDA:97,6,0,0
BRDA:97,6,1,0
BRDA:97,7,0,0
BRDA:97,7,1,0
BRDA:97,8,0,0
BRDA:97,8,1,0
BRDA:98,9,0,0
BRDA:98,9,1,0
BRDA:98,10,0,0
BRDA:98,10,1,0
BRDA:98,10,2,0
BRDA:99,11,0,0
BRDA:99,11,1,0
BRDA:100,12,0,0
BRDA:100,12,1,0
BRDA:100,12,2,0
BRDA:136,13,0,0
BRDA:136,13,1,0
BRDA:142,14,0,0
BRDA:142,14,1,0
BRDA:145,15,0,0
BRDA:145,15,1,0
BRDA:145,16,0,0
BRDA:145,16,1,0
BRDA:153,17,0,0
BRDA:153,17,1,0
BRDA:167,18,0,0
BRDA:167,18,1,0
BRDA:179,19,0,0
BRDA:179,19,1,0
BRDA:191,20,0,0
BRDA:191,20,1,0
BRDA:199,21,0,0
BRDA:199,21,1,0
BRDA:202,22,0,0
BRDA:202,22,1,0
BRDA:202,23,0,0
BRDA:202,23,1,0
BRDA:208,24,0,0
BRDA:208,24,1,0
BRDA:211,25,0,0
BRDA:211,25,1,0
BRDA:217,26,0,0
BRDA:217,26,1,0
BRDA:230,27,0,0
BRDA:230,27,1,0
BRDA:241,28,0,0
BRDA:241,28,1,0
BRDA:245,29,0,0
BRDA:245,29,1,0
BRF:64
BRH:0
end_of_record
TN:
SF:src/main.js
FNF:0
FNH:0
DA:10,0
DA:11,0
DA:13,0
DA:14,0
DA:15,0
DA:16,0
LF:6
LH:0
BRF:0
BRH:0
end_of_record
TN:
SF:src/components/AddRole.vue
FN:58,_toConsumableArray
FN:59,_nonIterableSpread
FN:60,_unsupportedIterableToArray
FN:61,_iterableToArray
FN:62,_arrayWithoutHoles
FN:63,_arrayLikeToArray
FN:64,render
FN:73,(anonymous_7)
FN:75,(anonymous_8)
FN:77,(anonymous_9)
FN:80,(anonymous_10)
FN:92,(anonymous_11)
FN:100,(anonymous_12)
FNF:13
FNH:0
FNDA:0,_toConsumableArray
FNDA:0,_nonIterableSpread
FNDA:0,_unsupportedIterableToArray
FNDA:0,_iterableToArray
FNDA:0,_arrayWithoutHoles
FNDA:0,_arrayLikeToArray
FNDA:0,render
FNDA:0,(anonymous_7)
FNDA:0,(anonymous_8)
FNDA:0,(anonymous_9)
FNDA:0,(anonymous_10)
FNDA:0,(anonymous_11)
FNDA:0,(anonymous_12)
DA:4,1
DA:7,1
DA:53,1
DA:56,1
DA:57,1
DA:58,0
DA:59,0
DA:60,0
DA:61,0
DA:62,0
DA:63,0
DA:65,0
DA:66,0
DA:67,0
DA:68,0
DA:69,0
DA:70,0
DA:74,0
DA:76,0
DA:78,0
DA:81,0
DA:93,0
DA:101,0
DA:114,1
LF:24
LH:6
BRDA:58,0,0,0
BRDA:58,0,1,0
BRDA:58,0,2,0
BRDA:58,0,3,0
BRDA:60,1,0,0
BRDA:60,1,1,0
BRDA:60,2,0,0
BRDA:60,2,1,0
BRDA:60,3,0,0
BRDA:60,3,1,0
BRDA:60,3,2,0
BRDA:60,4,0,0
BRDA:60,4,1,0
BRDA:60,5,0,0
BRDA:60,5,1,0
BRDA:60,6,0,0
BRDA:60,6,1,0
BRDA:60,7,0,0
BRDA:60,7,1,0
BRDA:61,8,0,0
BRDA:61,8,1,0
BRDA:61,9,0,0
BRDA:61,9,1,0
BRDA:61,9,2,0
BRDA:62,10,0,0
BRDA:62,10,1,0
BRDA:63,11,0,0
BRDA:63,11,1,0
BRDA:63,11,2,0
BRDA:80,12,0,0
BRDA:80,12,1,0
BRDA:101,13,0,0
BRDA:101,13,1,0
BRF:33
BRH:0
end_of_record
TN:
SF:src/components/AddUserRole.vue
FN:26,(anonymous_0)
FN:87,(anonymous_1)
FN:88,(anonymous_2)
FN:89,(anonymous_3)
FN:97,(anonymous_4)
FN:99,(anonymous_5)
FN:101,(anonymous_6)
FN:103,(anonymous_7)
FN:150,_toConsumableArray
FN:151,_nonIterableSpread
FN:152,_unsupportedIterableToArray
FN:153,_iterableToArray
FN:154,_arrayWithoutHoles
FN:155,_arrayLikeToArray
FN:159,render
FN:165,(anonymous_15)
FN:169,(anonymous_16)
FN:171,(anonymous_17)
FN:174,(anonymous_18)
FN:183,(anonymous_19)
FN:193,(anonymous_20)
FN:201,(anonymous_21)
FNF:22
FNH:0
FNDA:0,(anonymous_0)
FNDA:0,(anonymous_1)
FNDA:0,(anonymous_2)
FNDA:0,(anonymous_3)
FNDA:0,(anonymous_4)
FNDA:0,(anonymous_5)
FNDA:0,(anonymous_6)
FNDA:0,(anonymous_7)
FNDA:0,_toConsumableArray
FNDA:0,_nonIterableSpread
FNDA:0,_unsupportedIterableToArray
FNDA:0,_iterableToArray
FNDA:0,_arrayWithoutHoles
FNDA:0,_arrayLikeToArray
FNDA:0,render
FNDA:0,(anonymous_15)
FNDA:0,(anonymous_16)
FNDA:0,(anonymous_17)
FNDA:0,(anonymous_18)
FNDA:0,(anonymous_19)
FNDA:0,(anonymous_20)
FNDA:0,(anonymous_21)
DA:4,1
DA:7,1
DA:18,1
DA:31,0
DA:38,0
DA:45,0
DA:52,0
DA:59,0
DA:83,0
DA:88,0
DA:89,0
DA:93,0
DA:98,0
DA:99,0
DA:101,0
DA:102,0
DA:103,0
DA:104,0
DA:105,0
DA:123,0
DA:124,0
DA:125,0
DA:127,0
DA:128,0
DA:131,0
DA:143,1
DA:145,1
DA:148,1
DA:149,1
DA:150,0
DA:151,0
DA:152,0
DA:153,0
DA:154,0
DA:155,0
DA:156,1
DA:160,0
DA:161,0
DA:162,0
DA:163,0
DA:164,0
DA:166,0
DA:170,0
DA:172,0
DA:175,0
DA:184,0
DA:194,0
DA:202,0
DA:212,1
LF:49
LH:9
BRDA:89,0,0,0
BRDA:89,0,1,0
BRDA:98,1,0,0
BRDA:98,1,1,0
BRDA:127,2,0,0
BRDA:127,2,1,0
BRDA:150,3,0,0
BRDA:150,3,1,0
BRDA:150,3,2,0
BRDA:150,3,3,0
BRDA:152,4,0,0
BRDA:152,4,1,0
BRDA:152,5,0,0
BRDA:152,5,1,0
BRDA:152,6,0,0
BRDA:152,6,1,0
BRDA:152,6,2,0
BRDA:152,7,0,0
BRDA:152,7,1,0
BRDA:152,8,0,0
BRDA:152,8,1,0
BRDA:152,9,0,0
BRDA:152,9,1,0
BRDA:152,10,0,0
BRDA:152,10,1,0
BRDA:153,11,0,0
BRDA:153,11,1,0
BRDA:153,12,0,0
BRDA:153,12,1,0
BRDA:153,12,2,0
BRDA:154,13,0,0
BRDA:154,13,1,0
BRDA:155,14,0,0
BRDA:155,14,1,0
BRDA:155,14,2,0
BRDA:165,15,0,0
BRDA:165,15,1,0
BRDA:166,16,0,0
BRDA:166,16,1,0
BRDA:174,17,0,0
BRDA:174,17,1,0
BRDA:183,18,0,0
BRDA:183,18,1,0
BRDA:202,19,0,0
BRDA:202,19,1,0
BRF:45
BRH:0
end_of_record
TN:
SF:src/components/UpdateAccount.vue
FN:25,(anonymous_0)
FN:83,(anonymous_1)
FN:136,_toConsumableArray
FN:137,_nonIterableSpread
FN:138,_unsupportedIterableToArray
FN:139,_iterableToArray
FN:140,_arrayWithoutHoles
FN:141,_arrayLikeToArray
FN:142,render
FN:151,(anonymous_9)
FN:155,(anonymous_10)
FN:164,(anonymous_11)
FN:172,(anonymous_12)
FN:179,(anonymous_13)
FN:186,(anonymous_14)
FN:190,(anonymous_15)
FN:197,(anonymous_16)
FN:202,(anonymous_17)
FNF:18
FNH:0
FNDA:0,(anonymous_0)
FNDA:0,(anonymous_1)
FNDA:0,_toConsumableArray
FNDA:0,_nonIterableSpread
FNDA:0,_unsupportedIterableToArray
FNDA:0,_iterableToArray
FNDA:0,_arrayWithoutHoles
FNDA:0,_arrayLikeToArray
FNDA:0,render
FNDA:0,(anonymous_9)
FNDA:0,(anonymous_10)
FNDA:0,(anonymous_11)
FNDA:0,(anonymous_12)
FNDA:0,(anonymous_13)
FNDA:0,(anonymous_14)
FNDA:0,(anonymous_15)
FNDA:0,(anonymous_16)
FNDA:0,(anonymous_17)
DA:4,1
DA:7,1
DA:21,1
DA:28,0
DA:35,0
DA:42,0
DA:49,0
DA:56,0
DA:63,0
DA:70,0
DA:83,0
DA:84,0
DA:85,0
DA:93,0
DA:103,0
DA:104,0
DA:105,0
DA:106,0
DA:107,0
DA:109,0
DA:112,0
DA:113,0
DA:116,0
DA:129,1
DA:131,1
DA:134,1
DA:135,1
DA:136,0
DA:137,0
DA:138,0
DA:139,0
DA:140,0
DA:141,0
DA:143,0
DA:144,0
DA:145,0
DA:146,0
DA:147,0
DA:148,0
DA:152,0
DA:156,0
DA:165,0
DA:173,0
DA:180,0
DA:187,0
DA:191,0
DA:198,0
DA:203,0
DA:216,1
LF:49
LH:8
BRDA:105,0,0,0
BRDA:105,0,1,0
BRDA:112,1,0,0
BRDA:112,1,1,0
BRDA:136,2,0,0
BRDA:136,2,1,0
BRDA:136,2,2,0
BRDA:136,2,3,0
BRDA:138,3,0,0
BRDA:138,3,1,0
BRDA:138,4,0,0
BRDA:138,4,1,0
BRDA:138,5,0,0
BRDA:138,5,1,0
BRDA:138,5,2,0
BRDA:138,6,0,0
BRDA:138,6,1,0
BRDA:138,7,0,0
BRDA:138,7,1,0
BRDA:138,8,0,0
BRDA:138,8,1,0
BRDA:138,9,0,0
BRDA:138,9,1,0
BRDA:139,10,0,0
BRDA:139,10,1,0
BRDA:139,11,0,0
BRDA:139,11,1,0
BRDA:139,11,2,0
BRDA:140,12,0,0
BRDA:140,12,1,0
BRDA:141,13,0,0
BRDA:141,13,1,0
BRDA:141,13,2,0
BRDA:152,14,0,0
BRDA:152,14,1,0
BRDA:155,15,0,0
BRDA:155,15,1,0
BRDA:161,16,0,0
BRDA:161,16,1,0
BRDA:164,17,0,0
BRDA:164,17,1,0
BRDA:169,18,0,0
BRDA:169,18,1,0
BRDA:172,19,0,0
BRDA:172,19,1,0
BRDA:179,20,0,0
BRDA:179,20,1,0
BRDA:203,21,0,0
BRDA:203,21,1,0
BRF:49
BRH:0
end_of_record
TN:
SF:src/router/index.js
FN:19,(anonymous_0)
FN:32,(anonymous_1)
FN:45,(anonymous_2)
FN:73,(anonymous_3)
FN:86,(anonymous_4)
FN:99,(anonymous_5)
FNF:6
FNH:6
FNDA:2,(anonymous_0)
FNDA:1,(anonymous_1)
FNDA:2,(anonymous_2)
FNDA:2,(anonymous_3)
FNDA:3,(anonymous_4)
FNDA:3,(anonymous_5)
DA:14,1
DA:20,2
DA:21,2
DA:22,1
DA:24,1
DA:33,1
DA:34,1
DA:35,1
DA:37,0
DA:46,2
DA:47,2
DA:48,1
DA:50,1
DA:74,2
DA:75,2
DA:76,1
DA:78,1
DA:87,3
DA:88,3
DA:89,1
DA:91,2
DA:100,3
DA:101,3
DA:102,1
DA:104,2
DA:110,1
LF:26
LH:25
BRDA:21,0,0,1
BRDA:21,0,1,1
BRDA:34,1,0,1
BRDA:34,1,1,0
BRDA:47,2,0,1
BRDA:47,2,1,1
BRDA:75,3,0,1
BRDA:75,3,1,1
BRDA:88,4,0,1
BRDA:88,4,1,2
BRDA:88,5,0,3
BRDA:88,5,1,2
BRDA:101,6,0,1
BRDA:101,6,1,2
BRDA:101,7,0,3
BRDA:101,7,1,2
BRF:16
BRH:15
end_of_record
TN:
SF:src/services/ahoy.js
FN:3,trackEvent
FNF:1
FNH:1
FNDA:2,trackEvent
DA:5,2
LF:1
LH:1
BRDA:3,0,0,0
BRF:1
BRH:0
end_of_record
TN:
SF:src/services/api.js
FNF:0
FNH:0
DA:3,0
DA:5,0
LF:2
LH:0
BRDA:3,0,0,0
BRDA:3,0,1,0
BRF:2
BRH:0
end_of_record
TN:
SF:src/stores/UserStore.js
FN:6,(anonymous_0)
FN:9,(anonymous_1)
FN:36,(anonymous_2)
FN:50,(anonymous_3)
FN:52,(anonymous_4)
FN:54,(anonymous_5)
FN:59,(anonymous_6)
FN:89,(anonymous_7)
FN:115,(anonymous_8)
FNF:9
FNH:9
FNDA:61,(anonymous_0)
FNDA:61,(anonymous_1)
FNDA:67,(anonymous_2)
FNDA:18,(anonymous_3)
FNDA:8,(anonymous_4)
FNDA:7,(anonymous_5)
FNDA:8,(anonymous_6)
FNDA:3,(anonymous_7)
FNDA:1,(anonymous_8)
DA:6,6
DA:9,61
DA:10,61
DA:11,61
DA:13,61
DA:14,52
DA:16,9
DA:18,1
DA:20,1
DA:21,1
DA:26,61
DA:27,61
DA:30,61
DA:31,0
DA:32,0
DA:36,61
DA:37,67
DA:39,12
DA:40,12
DA:42,55
DA:47,61
DA:50,61
DA:52,61
DA:53,8
DA:54,7
DA:59,61
DA:60,8
DA:61,5
DA:63,4
DA:64,4
DA:67,4
DA:68,3
DA:69,3
DA:70,3
DA:72,0
DA:75,1
DA:79,4
DA:81,4
DA:83,1
DA:86,5
DA:89,61
DA:90,3
DA:91,3
DA:92,1
DA:95,2
DA:97,2
DA:100,2
DA:101,1
DA:103,1
DA:104,1
DA:107,2
DA:108,2
DA:109,2
DA:110,2
DA:111,2
DA:115,61
DA:116,1
DA:117,1
DA:118,1
DA:119,1
DA:125,61
LF:61
LH:58
BRDA:13,0,0,52
BRDA:13,0,1,9
BRDA:13,1,0,61
BRDA:13,1,1,9
BRDA:13,1,2,9
BRDA:30,2,0,0
BRDA:30,2,1,61
BRDA:30,3,0,61
BRDA:30,3,1,61
BRDA:37,4,0,12
BRDA:37,4,1,55
BRDA:39,5,0,0
BRDA:39,5,1,12
BRDA:53,6,0,1
BRDA:53,6,1,7
BRDA:53,7,0,8
BRDA:53,7,1,7
BRDA:61,8,0,4
BRDA:61,8,1,1
BRDA:67,9,0,3
BRDA:67,9,1,1
BRDA:91,10,0,1
BRDA:91,10,1,2
BRF:23
BRH:21
end_of_record
TN:
SF:src/views/Account.vue
FN:32,(anonymous_0)
FN:68,(anonymous_1)
FN:79,(anonymous_2)
FN:92,(anonymous_3)
FN:93,(anonymous_4)
FN:123,render
FN:128,(anonymous_6)
FN:136,(anonymous_7)
FN:138,(anonymous_8)
FN:142,(anonymous_9)
FN:151,(anonymous_10)
FN:153,(anonymous_11)
FNF:12
FNH:8
FNDA:9,(anonymous_0)
FNDA:9,(anonymous_1)
FNDA:3,(anonymous_2)
FNDA:9,(anonymous_3)
FNDA:9,(anonymous_4)
FNDA:9,render
FNDA:13,(anonymous_6)
FNDA:10,(anonymous_7)
FNDA:0,(anonymous_8)
FNDA:0,(anonymous_9)
FNDA:0,(anonymous_10)
FNDA:0,(anonymous_11)
DA:4,1
DA:7,1
DA:24,1
DA:35,9
DA:42,9
DA:49,9
DA:56,9
DA:63,9
DA:69,9
DA:74,9
DA:80,3
DA:87,9
DA:93,9
DA:96,9
DA:107,1
DA:109,1
DA:112,1
DA:113,1
DA:114,1
DA:117,1
DA:120,1
DA:124,9
DA:125,9
DA:126,9
DA:127,9
DA:129,13
DA:137,10
DA:139,0
DA:143,0
DA:152,0
DA:154,0
DA:163,1
LF:32
LH:28
BRDA:129,0,0,13
BRDA:129,0,1,9
BRDA:129,1,0,10
BRDA:129,1,1,3
BRDA:129,2,0,10
BRDA:129,2,1,9
BRDA:137,3,0,10
BRDA:137,3,1,9
BRDA:137,4,0,10
BRDA:137,4,1,9
BRDA:137,5,0,10
BRDA:137,5,1,0
BRDA:137,6,0,10
BRDA:137,6,1,9
BRDA:137,7,0,10
BRDA:137,7,1,9
BRDA:138,8,0,10
BRDA:138,8,1,9
BRDA:141,9,0,10
BRDA:141,9,1,9
BRDA:142,10,0,10
BRDA:142,10,1,9
BRDA:148,11,0,3
BRDA:148,11,1,10
BRDA:153,12,0,0
BRDA:153,12,1,0
BRF:26
BRH:23
end_of_record
TN:
SF:src/views/Confirmation.vue
FN:19,(anonymous_0)
FN:48,(anonymous_1)
FN:97,_toConsumableArray
FN:98,_nonIterableSpread
FN:99,_unsupportedIterableToArray
FN:100,_iterableToArray
FN:101,_arrayWithoutHoles
FN:102,_arrayLikeToArray
FN:103,render
FN:109,(anonymous_9)
FN:113,(anonymous_10)
FNF:11
FNH:8
FNDA:6,(anonymous_0)
FNDA:4,(anonymous_1)
FNDA:6,_toConsumableArray
FNDA:0,_nonIterableSpread
FNDA:0,_unsupportedIterableToArray
FNDA:0,_iterableToArray
FNDA:6,_arrayWithoutHoles
FNDA:6,_arrayLikeToArray
FNDA:6,render
FNDA:6,(anonymous_9)
FNDA:6,(anonymous_10)
DA:4,1
DA:7,1
DA:18,1
DA:22,6
DA:29,6
DA:36,6
DA:41,6
DA:49,4
DA:50,4
DA:51,4
DA:52,4
DA:61,1
DA:62,1
DA:66,3
DA:67,3
DA:69,1
DA:70,1
DA:72,2
DA:73,1
DA:74,2
DA:76,1
DA:77,1
DA:79,0
DA:81,2
DA:85,0
DA:90,1
DA:92,1
DA:95,1
DA:96,1
DA:97,6
DA:98,0
DA:99,0
DA:100,0
DA:101,6
DA:102,6
DA:104,6
DA:105,6
DA:106,6
DA:110,6
DA:114,6
DA:121,1
LF:41
LH:36
BRDA:50,0,0,4
BRDA:50,0,1,0
BRDA:67,1,0,1
BRDA:67,1,1,2
BRDA:72,2,0,1
BRDA:72,2,1,1
BRDA:76,3,0,1
BRDA:76,3,1,0
BRDA:79,4,0,0
BRDA:79,4,1,0
BRDA:97,5,0,6
BRDA:97,5,1,0
BRDA:97,5,2,0
BRDA:97,5,3,0
BRDA:99,6,0,0
BRDA:99,6,1,0
BRDA:99,7,0,0
BRDA:99,7,1,0
BRDA:99,8,0,0
BRDA:99,8,1,0
BRDA:99,8,2,0
BRDA:99,9,0,0
BRDA:99,9,1,0
BRDA:99,10,0,0
BRDA:99,10,1,0
BRDA:99,11,0,0
BRDA:99,11,1,0
BRDA:99,12,0,0
BRDA:99,12,1,0
BRDA:100,13,0,0
BRDA:100,13,1,0
BRDA:100,14,0,0
BRDA:100,14,1,0
BRDA:100,14,2,0
BRDA:101,15,0,6
BRDA:101,15,1,0
BRDA:102,16,0,6
BRDA:102,16,1,0
BRDA:102,16,2,6
BRDA:114,17,0,6
BRDA:114,17,1,6
BRF:41
BRH:12
end_of_record
TN:
SF:src/views/Dashboard.vue
FN:17,(anonymous_0)
FN:45,_toConsumableArray
FN:46,_nonIterableSpread
FN:47,_unsupportedIterableToArray
FN:48,_iterableToArray
FN:49,_arrayWithoutHoles
FN:50,_arrayLikeToArray
FN:51,render
FN:54,(anonymous_8)
FNF:9
FNH:6
FNDA:4,(anonymous_0)
FNDA:4,_toConsumableArray
FNDA:0,_nonIterableSpread
FNDA:0,_unsupportedIterableToArray
FNDA:0,_iterableToArray
FNDA:4,_arrayWithoutHoles
FNDA:4,_arrayLikeToArray
FNDA:4,render
FNDA:4,(anonymous_8)
DA:4,1
DA:7,1
DA:15,1
DA:20,4
DA:27,4
DA:32,4
DA:38,1
DA:40,1
DA:43,1
DA:44,1
DA:45,4
DA:46,0
DA:47,0
DA:48,0
DA:49,4
DA:50,4
DA:52,4
DA:53,4
DA:55,4
DA:59,1
LF:20
LH:17
BRDA:45,0,0,4
BRDA:45,0,1,0
BRDA:45,0,2,0
BRDA:45,0,3,0
BRDA:47,1,0,0
BRDA:47,1,1,0
BRDA:47,2,0,0
BRDA:47,2,1,0
BRDA:47,3,0,0
BRDA:47,3,1,0
BRDA:47,3,2,0
BRDA:47,4,0,0
BRDA:47,4,1,0
BRDA:47,5,0,0
BRDA:47,5,1,0
BRDA:47,6,0,0
BRDA:47,6,1,0
BRDA:47,7,0,0
BRDA:47,7,1,0
BRDA:48,8,0,0
BRDA:48,8,1,0
BRDA:48,9,0,0
BRDA:48,9,1,0
BRDA:48,9,2,0
BRDA:49,10,0,4
BRDA:49,10,1,0
BRDA:50,11,0,4
BRDA:50,11,1,0
BRDA:50,11,2,4
BRDA:55,12,0,4
BRDA:55,12,1,4
BRF:31
BRH:6
end_of_record
TN:
SF:src/views/Login.vue
FN:22,(anonymous_0)
FN:28,(anonymous_1)
FN:49,(anonymous_2)
FN:79,(anonymous_3)
FN:93,_toConsumableArray
FN:94,_nonIterableSpread
FN:95,_unsupportedIterableToArray
FN:96,_iterableToArray
FN:97,_arrayWithoutHoles
FN:98,_arrayLikeToArray
FN:99,render
FN:111,(anonymous_11)
FN:115,(anonymous_12)
FN:118,(anonymous_13)
FN:126,(anonymous_14)
FN:133,(anonymous_15)
FN:137,(anonymous_16)
FN:139,(anonymous_17)
FN:149,(anonymous_18)
FN:155,(anonymous_19)
FNF:20
FNH:17
FNDA:12,(anonymous_0)
FNDA:12,(anonymous_1)
FNDA:8,(anonymous_2)
FNDA:1,(anonymous_3)
FNDA:12,_toConsumableArray
FNDA:0,_nonIterableSpread
FNDA:0,_unsupportedIterableToArray
FNDA:0,_iterableToArray
FNDA:12,_arrayWithoutHoles
FNDA:12,_arrayLikeToArray
FNDA:12,render
FNDA:12,(anonymous_11)
FNDA:26,(anonymous_12)
FNDA:7,(anonymous_13)
FNDA:7,(anonymous_14)
FNDA:12,(anonymous_15)
FNDA:12,(anonymous_16)
FNDA:1,(anonymous_17)
FNDA:12,(anonymous_18)
FNDA:12,(anonymous_19)
DA:4,1
DA:7,1
DA:21,1
DA:23,12
DA:31,12
DA:38,12
DA:43,12
DA:52,8
DA:57,8
DA:63,8
DA:64,8
DA:65,3
DA:66,3
DA:68,5
DA:69,2
DA:70,2
DA:74,3
DA:75,3
DA:76,2
DA:80,1
DA:86,1
DA:88,1
DA:91,1
DA:92,1
DA:93,12
DA:94,0
DA:95,0
DA:96,0
DA:97,12
DA:98,12
DA:100,12
DA:101,12
DA:102,12
DA:103,12
DA:104,12
DA:105,12
DA:106,12
DA:112,12
DA:116,26
DA:119,7
DA:127,7
DA:134,12
DA:138,12
DA:140,1
DA:150,12
DA:156,12
DA:172,1
LF:47
LH:44
BRDA:64,0,0,3
BRDA:64,0,1,5
BRDA:64,1,0,8
BRDA:64,1,1,6
BRDA:75,2,0,3
BRDA:75,2,1,1
BRDA:93,3,0,12
BRDA:93,3,1,0
BRDA:93,3,2,0
BRDA:93,3,3,0
BRDA:95,4,0,0
BRDA:95,4,1,0
BRDA:95,5,0,0
BRDA:95,5,1,0
BRDA:95,6,0,0
BRDA:95,6,1,0
BRDA:95,6,2,0
BRDA:95,7,0,0
BRDA:95,7,1,0
BRDA:95,8,0,0
BRDA:95,8,1,0
BRDA:95,9,0,0
BRDA:95,9,1,0
BRDA:95,10,0,0
BRDA:95,10,1,0
BRDA:96,11,0,0
BRDA:96,11,1,0
BRDA:96,12,0,0
BRDA:96,12,1,0
BRDA:96,12,2,0
BRDA:97,13,0,12
BRDA:97,13,1,0
BRDA:98,14,0,12
BRDA:98,14,1,0
BRDA:98,14,2,12
BRDA:112,15,0,12
BRDA:112,15,1,12
BRDA:118,16,0,26
BRDA:118,16,1,12
BRDA:126,17,0,26
BRDA:126,17,1,12
BRDA:139,18,0,12
BRDA:139,18,1,12
BRDA:140,19,0,1
BRDA:140,19,1,1
BRDA:156,20,0,12
BRDA:156,20,1,12
BRF:47
BRH:22
end_of_record
TN:
SF:src/views/PasswordEdit.vue
FN:19,(anonymous_0)
FN:25,(anonymous_1)
FN:54,(anonymous_2)
FN:90,_toConsumableArray
FN:91,_nonIterableSpread
FN:92,_unsupportedIterableToArray
FN:93,_iterableToArray
FN:94,_arrayWithoutHoles
FN:95,_arrayLikeToArray
FN:96,render
FN:108,(anonymous_10)
FN:112,(anonymous_11)
FN:115,(anonymous_12)
FN:123,(anonymous_13)
FN:130,(anonymous_14)
FN:136,(anonymous_15)
FN:141,(anonymous_16)
FNF:17
FNH:12
FNDA:9,(anonymous_0)
FNDA:9,(anonymous_1)
FNDA:4,(anonymous_2)
FNDA:9,_toConsumableArray
FNDA:0,_nonIterableSpread
FNDA:0,_unsupportedIterableToArray
FNDA:0,_iterableToArray
FNDA:9,_arrayWithoutHoles
FNDA:9,_arrayLikeToArray
FNDA:9,render
FNDA:9,(anonymous_10)
FNDA:14,(anonymous_11)
FNDA:0,(anonymous_12)
FNDA:0,(anonymous_13)
FNDA:9,(anonymous_14)
FNDA:9,(anonymous_15)
FNDA:9,(anonymous_16)
DA:4,1
DA:7,1
DA:18,1
DA:20,9
DA:28,9
DA:35,9
DA:42,9
DA:47,9
DA:55,4
DA:56,4
DA:57,4
DA:58,2
DA:59,2
DA:61,2
DA:72,1
DA:73,1
DA:77,1
DA:78,1
DA:83,1
DA:85,1
DA:88,1
DA:89,1
DA:90,9
DA:91,0
DA:92,0
DA:93,0
DA:94,9
DA:95,9
DA:97,9
DA:98,9
DA:99,9
DA:100,9
DA:101,9
DA:102,9
DA:103,9
DA:109,9
DA:113,14
DA:116,0
DA:124,0
DA:131,9
DA:137,9
DA:142,9
DA:158,1
LF:43
LH:38
BRDA:57,0,0,2
BRDA:57,0,1,2
BRDA:57,1,0,4
BRDA:57,1,1,3
BRDA:77,2,0,1
BRDA:77,2,1,0
BRDA:90,3,0,9
BRDA:90,3,1,0
BRDA:90,3,2,0
BRDA:90,3,3,0
BRDA:92,4,0,0
BRDA:92,4,1,0
BRDA:92,5,0,0
BRDA:92,5,1,0
BRDA:92,6,0,0
BRDA:92,6,1,0
BRDA:92,6,2,0
BRDA:92,7,0,0
BRDA:92,7,1,0
BRDA:92,8,0,0
BRDA:92,8,1,0
BRDA:92,9,0,0
BRDA:92,9,1,0
BRDA:92,10,0,0
BRDA:92,10,1,0
BRDA:93,11,0,0
BRDA:93,11,1,0
BRDA:93,12,0,0
BRDA:93,12,1,0
BRDA:93,12,2,0
BRDA:94,13,0,9
BRDA:94,13,1,0
BRDA:95,14,0,9
BRDA:95,14,1,0
BRDA:95,14,2,9
BRDA:109,15,0,9
BRDA:109,15,1,9
BRDA:115,16,0,14
BRDA:115,16,1,9
BRDA:123,17,0,14
BRDA:123,17,1,9
BRDA:142,18,0,9
BRDA:142,18,1,9
BRF:43
BRH:17
end_of_record
TN:
SF:src/views/PasswordReset.vue
FN:19,(anonymous_0)
FN:24,(anonymous_1)
FN:53,(anonymous_2)
FN:86,_toConsumableArray
FN:87,_nonIterableSpread
FN:88,_unsupportedIterableToArray
FN:89,_iterableToArray
FN:90,_arrayWithoutHoles
FN:91,_arrayLikeToArray
FN:92,render
FN:104,(anonymous_10)
FN:108,(anonymous_11)
FN:111,(anonymous_12)
FN:117,(anonymous_13)
FN:123,(anonymous_14)
FN:128,(anonymous_15)
FNF:16
FNH:12
FNDA:9,(anonymous_0)
FNDA:9,(anonymous_1)
FNDA:5,(anonymous_2)
FNDA:9,_toConsumableArray
FNDA:0,_nonIterableSpread
FNDA:0,_unsupportedIterableToArray
FNDA:0,_iterableToArray
FNDA:9,_arrayWithoutHoles
FNDA:9,_arrayLikeToArray
FNDA:9,render
FNDA:9,(anonymous_10)
FNDA:13,(anonymous_11)
FNDA:0,(anonymous_12)
FNDA:9,(anonymous_13)
FNDA:9,(anonymous_14)
FNDA:9,(anonymous_15)
DA:4,1
DA:7,1
DA:18,1
DA:20,9
DA:27,9
DA:34,9
DA:41,9
DA:46,9
DA:54,5
DA:55,5
DA:56,2
DA:57,2
DA:59,3
DA:68,1
DA:69,1
DA:73,2
DA:74,2
DA:79,1
DA:81,1
DA:84,1
DA:85,1
DA:86,9
DA:87,0
DA:88,0
DA:89,0
DA:90,9
DA:91,9
DA:93,9
DA:94,9
DA:95,9
DA:96,9
DA:97,9
DA:98,9
DA:99,9
DA:105,9
DA:109,13
DA:112,0
DA:118,9
DA:124,9
DA:129,9
DA:145,1
LF:41
LH:37
BRDA:55,0,0,2
BRDA:55,0,1,3
BRDA:73,1,0,2
BRDA:73,1,1,1
BRDA:86,2,0,9
BRDA:86,2,1,0
BRDA:86,2,2,0
BRDA:86,2,3,0
BRDA:88,3,0,0
BRDA:88,3,1,0
BRDA:88,4,0,0
BRDA:88,4,1,0
BRDA:88,5,0,0
BRDA:88,5,1,0
BRDA:88,5,2,0
BRDA:88,6,0,0
BRDA:88,6,1,0
BRDA:88,7,0,0
BRDA:88,7,1,0
BRDA:88,8,0,0
BRDA:88,8,1,0
BRDA:88,9,0,0
BRDA:88,9,1,0
BRDA:89,10,0,0
BRDA:89,10,1,0
BRDA:89,11,0,0
BRDA:89,11,1,0
BRDA:89,11,2,0
BRDA:90,12,0,9
BRDA:90,12,1,0
BRDA:91,13,0,9
BRDA:91,13,1,0
BRDA:91,13,2,9
BRDA:105,14,0,9
BRDA:105,14,1,9
BRDA:111,15,0,13
BRDA:111,15,1,9
BRDA:129,16,0,9
BRDA:129,16,1,9
BRF:39
BRH:14
end_of_record
TN:
SF:src/views/Roles.vue
FN:40,(anonymous_0)
FN:77,(anonymous_1)
FN:83,(anonymous_2)
FN:96,(anonymous_3)
FN:120,(anonymous_4)
FN:133,(anonymous_5)
FN:155,(anonymous_6)
FN:157,(anonymous_7)
FN:158,(anonymous_8)
FN:203,_toConsumableArray
FN:204,_nonIterableSpread
FN:205,_unsupportedIterableToArray
FN:206,_iterableToArray
FN:207,_arrayWithoutHoles
FN:208,_arrayLikeToArray
FN:221,render
FN:231,(anonymous_16)
FN:236,(anonymous_17)
FN:242,(anonymous_18)
FN:244,(anonymous_19)
FN:246,(anonymous_20)
FN:253,(anonymous_21)
FN:258,onClick
FN:266,onClick
FN:281,(anonymous_24)
FN:286,(anonymous_25)
FN:292,(anonymous_26)
FN:294,(anonymous_27)
FN:298,(anonymous_28)
FN:306,(anonymous_29)
FN:316,(anonymous_30)
FN:318,onClick
FN:337,(anonymous_32)
FNF:33
FNH:21
FNDA:20,(anonymous_0)
FNDA:8,(anonymous_1)
FNDA:22,(anonymous_2)
FNDA:2,(anonymous_3)
FNDA:3,(anonymous_4)
FNDA:2,(anonymous_5)
FNDA:2,(anonymous_6)
FNDA:4,(anonymous_7)
FNDA:4,(anonymous_8)
FNDA:0,_toConsumableArray
FNDA:0,_nonIterableSpread
FNDA:0,_unsupportedIterableToArray
FNDA:0,_iterableToArray
FNDA:0,_arrayWithoutHoles
FNDA:0,_arrayLikeToArray
FNDA:20,render
FNDA:51,(anonymous_16)
FNDA:8,(anonymous_17)
FNDA:8,(anonymous_18)
FNDA:8,(anonymous_19)
FNDA:8,(anonymous_20)
FNDA:8,(anonymous_21)
FNDA:0,onClick
FNDA:0,onClick
FNDA:0,(anonymous_24)
FNDA:13,(anonymous_25)
FNDA:13,(anonymous_26)
FNDA:13,(anonymous_27)
FNDA:13,(anonymous_28)
FNDA:0,(anonymous_29)
FNDA:13,(anonymous_30)
FNDA:0,onClick
FNDA:0,(anonymous_32)
DA:4,1
DA:7,1
DA:27,1
DA:43,20
DA:50,20
DA:57,20
DA:72,20
DA:78,8
DA:83,20
DA:84,22
DA:85,22
DA:90,21
DA:92,1
DA:93,1
DA:96,20
DA:97,2
DA:98,2
DA:113,1
DA:114,1
DA:116,1
DA:117,1
DA:120,20
DA:121,3
DA:122,3
DA:127,2
DA:129,1
DA:130,1
DA:133,20
DA:134,2
DA:135,2
DA:148,1
DA:149,1
DA:151,1
DA:152,1
DA:155,20
DA:156,2
DA:157,4
DA:158,4
DA:159,2
DA:177,1
DA:178,1
DA:180,1
DA:181,1
DA:184,20
DA:196,1
DA:198,1
DA:201,1
DA:202,1
DA:203,0
DA:204,0
DA:205,0
DA:206,0
DA:207,0
DA:208,0
DA:209,1
DA:212,1
DA:213,1
DA:214,1
DA:220,1
DA:222,20
DA:223,20
DA:224,20
DA:225,20
DA:226,20
DA:227,20
DA:228,20
DA:229,20
DA:230,20
DA:232,51
DA:237,8
DA:243,8
DA:245,8
DA:247,8
DA:254,8
DA:259,0
DA:267,0
DA:282,0
DA:287,13
DA:293,13
DA:295,13
DA:299,13
DA:307,0
DA:317,13
DA:319,0
DA:338,0
DA:344,1
LF:86
LH:74
BRDA:92,0,0,1
BRDA:92,0,1,0
BRDA:116,1,0,1
BRDA:116,1,1,0
BRDA:129,2,0,1
BRDA:129,2,1,0
BRDA:151,3,0,1
BRDA:151,3,1,0
BRDA:180,4,0,1
BRDA:180,4,1,0
BRDA:203,5,0,0
BRDA:203,5,1,0
BRDA:203,5,2,0
BRDA:203,5,3,0
BRDA:205,6,0,0
BRDA:205,6,1,0
BRDA:205,7,0,0
BRDA:205,7,1,0
BRDA:205,8,0,0
BRDA:205,8,1,0
BRDA:205,8,2,0
BRDA:205,9,0,0
BRDA:205,9,1,0
BRDA:205,10,0,0
BRDA:205,10,1,0
BRDA:205,11,0,0
BRDA:205,11,1,0
BRDA:205,12,0,0
BRDA:205,12,1,0
BRDA:206,13,0,0
BRDA:206,13,1,0
BRDA:206,14,0,0
BRDA:206,14,1,0
BRDA:206,14,2,0
BRDA:207,15,0,0
BRDA:207,15,1,0
BRDA:208,16,0,0
BRDA:208,16,1,0
BRDA:208,16,2,0
BRDA:232,17,0,51
BRDA:232,17,1,20
BRDA:232,18,0,43
BRDA:232,18,1,8
BRDA:261,19,0,8
BRDA:261,19,1,4
BRDA:279,20,0,8
BRDA:279,20,1,7
BRDA:281,21,0,8
BRDA:281,21,1,7
BRDA:299,22,0,0
BRDA:299,22,1,13
BRDA:307,23,0,0
BRDA:307,23,1,0
BRDA:331,24,0,8
BRDA:331,24,1,7
BRDA:331,25,0,8
BRDA:331,25,1,0
BRDA:337,26,0,8
BRDA:337,26,1,7
BRF:59
BRH:21
end_of_record
TN:
SF:src/views/Signup.vue
FN:19,(anonymous_0)
FN:26,(anonymous_1)
FN:47,(anonymous_2)
FN:79,_toConsumableArray
FN:80,_nonIterableSpread
FN:81,_unsupportedIterableToArray
FN:82,_iterableToArray
FN:83,_arrayWithoutHoles
FN:84,_arrayLikeToArray
FN:85,render
FN:97,(anonymous_10)
FN:101,(anonymous_11)
FN:104,(anonymous_12)
FN:112,(anonymous_13)
FN:120,(anonymous_14)
FN:127,(anonymous_15)
FN:133,(anonymous_16)
FN:138,(anonymous_17)
FNF:18
FNH:12
FNDA:9,(anonymous_0)
FNDA:9,(anonymous_1)
FNDA:3,(anonymous_2)
FNDA:9,_toConsumableArray
FNDA:0,_nonIterableSpread
FNDA:0,_unsupportedIterableToArray
FNDA:0,_iterableToArray
FNDA:9,_arrayWithoutHoles
FNDA:9,_arrayLikeToArray
FNDA:9,render
FNDA:9,(anonymous_10)
FNDA:15,(anonymous_11)
FNDA:0,(anonymous_12)
FNDA:0,(anonymous_13)
FNDA:0,(anonymous_14)
FNDA:9,(anonymous_15)
FNDA:9,(anonymous_16)
FNDA:9,(anonymous_17)
DA:4,1
DA:7,1
DA:18,1
DA:20,9
DA:29,9
DA:36,9
DA:41,9
DA:48,3
DA:55,3
DA:56,3
DA:61,1
DA:62,1
DA:66,2
DA:67,2
DA:72,1
DA:74,1
DA:77,1
DA:78,1
DA:79,9
DA:80,0
DA:81,0
DA:82,0
DA:83,9
DA:84,9
DA:86,9
DA:87,9
DA:88,9
DA:89,9
DA:90,9
DA:91,9
DA:92,9
DA:98,9
DA:102,15
DA:105,0
DA:113,0
DA:121,0
DA:128,9
DA:134,9
DA:139,9
DA:155,1
LF:40
LH:34
BRDA:66,0,0,2
BRDA:66,0,1,1
BRDA:79,1,0,9
BRDA:79,1,1,0
BRDA:79,1,2,0
BRDA:79,1,3,0
BRDA:81,2,0,0
BRDA:81,2,1,0
BRDA:81,3,0,0
BRDA:81,3,1,0
BRDA:81,4,0,0
BRDA:81,4,1,0
BRDA:81,4,2,0
BRDA:81,5,0,0
BRDA:81,5,1,0
BRDA:81,6,0,0
BRDA:81,6,1,0
BRDA:81,7,0,0
BRDA:81,7,1,0
BRDA:81,8,0,0
BRDA:81,8,1,0
BRDA:82,9,0,0
BRDA:82,9,1,0
BRDA:82,10,0,0
BRDA:82,10,1,0
BRDA:82,10,2,0
BRDA:83,11,0,9
BRDA:83,11,1,0
BRDA:84,12,0,9
BRDA:84,12,1,0
BRDA:84,12,2,9
BRDA:98,13,0,9
BRDA:98,13,1,9
BRDA:104,14,0,15
BRDA:104,14,1,9
BRDA:112,15,0,15
BRDA:112,15,1,9
BRDA:120,16,0,15
BRDA:120,16,1,9
BRDA:139,17,0,9
BRDA:139,17,1,9
BRF:41
BRH:16
end_of_record
TN:
SF:src/views/Users.vue
FN:19,(anonymous_0)
FN:76,(anonymous_1)
FN:80,(anonymous_2)
FN:90,(anonymous_3)
FN:99,(anonymous_4)
FN:103,(anonymous_5)
FN:109,(anonymous_6)
FN:126,(anonymous_7)
FN:151,(anonymous_8)
FN:177,(anonymous_9)
FN:179,(anonymous_10)
FN:180,(anonymous_11)
FN:239,_toConsumableArray
FN:240,_nonIterableSpread
FN:241,_unsupportedIterableToArray
FN:242,_iterableToArray
FN:243,_arrayWithoutHoles
FN:244,_arrayLikeToArray
FN:267,render
FN:277,(anonymous_19)
FN:279,(anonymous_20)
FN:283,(anonymous_21)
FN:286,(anonymous_22)
FN:296,(anonymous_23)
FN:299,(anonymous_24)
FN:312,(anonymous_25)
FN:318,(anonymous_26)
FN:320,(anonymous_27)
FN:322,(anonymous_28)
FN:329,(anonymous_29)
FN:334,onClick
FN:343,onClick
FN:352,onClick
FN:372,(anonymous_33)
FN:376,(anonymous_34)
FN:382,(anonymous_35)
FN:384,(anonymous_36)
FN:386,(anonymous_37)
FN:393,(anonymous_38)
FN:398,onClick
FN:411,(anonymous_40)
FN:417,(anonymous_41)
FN:419,(anonymous_42)
FN:424,(anonymous_43)
FN:436,(anonymous_44)
FNF:45
FNH:17
FNDA:10,(anonymous_0)
FNDA:0,(anonymous_1)
FNDA:12,(anonymous_2)
FNDA:0,(anonymous_3)
FNDA:13,(anonymous_4)
FNDA:4,(anonymous_5)
FNDA:0,(anonymous_6)
FNDA:2,(anonymous_7)
FNDA:1,(anonymous_8)
FNDA:0,(anonymous_9)
FNDA:0,(anonymous_10)
FNDA:0,(anonymous_11)
FNDA:0,_toConsumableArray
FNDA:0,_nonIterableSpread
FNDA:0,_unsupportedIterableToArray
FNDA:0,_iterableToArray
FNDA:0,_arrayWithoutHoles
FNDA:0,_arrayLikeToArray
FNDA:10,render
FNDA:20,(anonymous_19)
FNDA:10,(anonymous_20)
FNDA:11,(anonymous_21)
FNDA:1,(anonymous_22)
FNDA:11,(anonymous_23)
FNDA:0,(anonymous_24)
FNDA:2,(anonymous_25)
FNDA:2,(anonymous_26)
FNDA:2,(anonymous_27)
FNDA:2,(anonymous_28)
FNDA:2,(anonymous_29)
FNDA:0,onClick
FNDA:0,onClick
FNDA:0,onClick
FNDA:0,(anonymous_33)
FNDA:0,(anonymous_34)
FNDA:0,(anonymous_35)
FNDA:0,(anonymous_36)
FNDA:0,(anonymous_37)
FNDA:0,(anonymous_38)
FNDA:0,onClick
FNDA:0,(anonymous_40)
FNDA:0,(anonymous_41)
FNDA:0,(anonymous_42)
FNDA:0,(anonymous_43)
FNDA:0,(anonymous_44)
DA:4,1
DA:7,1
DA:18,1
DA:22,10
DA:29,10
DA:36,10
DA:43,10
DA:50,10
DA:57,10
DA:64,10
DA:71,10
DA:77,0
DA:80,10
DA:81,12
DA:86,12
DA:87,12
DA:88,12
DA:90,10
DA:91,0
DA:96,0
DA:97,0
DA:99,10
DA:100,13
DA:102,13
DA:103,2
DA:104,4
DA:105,4
DA:106,4
DA:109,10
DA:110,0
DA:111,0
DA:120,0
DA:122,0
DA:123,0
DA:126,10
DA:127,2
DA:128,2
DA:129,1
DA:142,1
DA:143,1
DA:144,1
DA:147,0
DA:148,0
DA:151,10
DA:152,1
DA:153,1
DA:170,1
DA:171,1
DA:173,0
DA:174,0
DA:177,10
DA:178,0
DA:179,0
DA:180,0
DA:181,0
DA:199,0
DA:200,0
DA:202,0
DA:203,0
DA:204,0
DA:215,10
DA:232,1
DA:234,1
DA:237,1
DA:238,1
DA:239,0
DA:240,0
DA:241,0
DA:242,0
DA:243,0
DA:244,0
DA:245,1
DA:251,1
DA:252,1
DA:253,1
DA:254,1
DA:257,1
DA:263,1
DA:264,1
DA:268,10
DA:269,10
DA:270,10
DA:271,10
DA:272,10
DA:273,10
DA:274,10
DA:275,10
DA:276,10
DA:278,20
DA:280,10
DA:284,11
DA:287,1
DA:297,11
DA:300,0
DA:313,2
DA:319,2
DA:321,2
DA:323,2
DA:330,2
DA:335,0
DA:344,0
DA:353,0
DA:373,0
DA:377,0
DA:383,0
DA:385,0
DA:387,0
DA:394,0
DA:399,0
DA:412,0
DA:418,0
DA:420,0
DA:425,0
DA:437,0
DA:443,1
LF:115
LH:71
BRDA:102,0,0,11
BRDA:102,0,1,2
BRDA:105,1,0,4
BRDA:105,1,1,0
BRDA:106,2,0,4
BRDA:106,2,1,4
BRDA:122,3,0,0
BRDA:122,3,1,0
BRDA:128,4,0,1
BRDA:128,4,1,1
BRDA:147,5,0,0
BRDA:147,5,1,0
BRDA:173,6,0,0
BRDA:173,6,1,0
BRDA:203,7,0,0
BRDA:203,7,1,0
BRDA:239,8,0,0
BRDA:239,8,1,0
BRDA:239,8,2,0
BRDA:239,8,3,0
BRDA:241,9,0,0
BRDA:241,9,1,0
BRDA:241,10,0,0
BRDA:241,10,1,0
BRDA:241,11,0,0
BRDA:241,11,1,0
BRDA:241,11,2,0
BRDA:241,12,0,0
BRDA:241,12,1,0
BRDA:241,13,0,0
BRDA:241,13,1,0
BRDA:241,14,0,0
BRDA:241,14,1,0
BRDA:241,15,0,0
BRDA:241,15,1,0
BRDA:242,16,0,0
BRDA:242,16,1,0
BRDA:242,17,0,0
BRDA:242,17,1,0
BRDA:242,17,2,0
BRDA:243,18,0,0
BRDA:243,18,1,0
BRDA:244,19,0,0
BRDA:244,19,1,0
BRDA:244,19,2,0
BRDA:278,20,0,20
BRDA:278,20,1,10
BRDA:278,21,0,20
BRDA:278,21,1,0
BRDA:286,22,0,11
BRDA:286,22,1,10
BRDA:299,23,0,11
BRDA:299,23,1,10
BRDA:303,24,0,10
BRDA:303,24,1,1
BRDA:312,25,0,20
BRDA:312,25,1,8
BRDA:337,26,0,2
BRDA:337,26,1,2
BRDA:337,27,0,2
BRDA:337,27,1,0
BRDA:365,28,0,18
BRDA:365,28,1,2
BRDA:365,29,0,20
BRDA:365,29,1,12
BRDA:365,30,0,0
BRDA:365,30,1,0
BRDA:373,31,0,0
BRDA:373,31,1,0
BRDA:376,32,0,0
BRDA:376,32,1,0
BRDA:376,33,0,0
BRDA:376,33,1,0
BRDA:411,34,0,0
BRDA:411,34,1,0
BRDA:411,35,0,0
BRDA:411,35,1,0
BRDA:411,36,0,0
BRDA:411,36,1,0
BRDA:411,37,0,0
BRDA:411,37,1,0
BRDA:411,38,0,0
BRDA:411,38,1,0
BRDA:432,39,0,0
BRDA:432,39,1,0
BRDA:432,40,0,0
BRDA:432,40,1,0
BRDA:436,41,0,0
BRDA:436,41,1,0
BRF:89
BRH:25
end_of_record
