TN:
SF:src/App.vue
FN:6,(anonymous_0)
FN:11,(anonymous_1)
FN:19,(anonymous_2)
FN:24,(anonymous_3)
FN:29,(anonymous_4)
FN:34,(anonymous_5)
FN:39,(anonymous_6)
FN:44,(anonymous_7)
FN:68,(anonymous_8)
FN:74,(anonymous_9)
FN:77,(anonymous_10)
FN:95,_toConsumableArray
FN:96,_nonIterableSpread
FN:97,_unsupportedIterableToArray
FN:98,_iterableToArray
FN:99,_arrayWithoutHoles
FN:100,_arrayLikeToArray
FN:110,render
FN:124,(anonymous_18)
FN:128,(anonymous_19)
FN:130,(anonymous_20)
FN:141,(anonymous_21)
FN:149,(anonymous_22)
FN:152,(anonymous_23)
FN:158,(anonymous_24)
FN:160,(anonymous_25)
FN:164,(anonymous_26)
FN:166,(anonymous_27)
FN:176,(anonymous_28)
FN:178,(anonymous_29)
FN:198,(anonymous_30)
FN:207,(anonymous_31)
FN:216,(anonymous_32)
FN:224,(anonymous_33)
FN:230,(anonymous_34)
FN:240,(anonymous_35)
FN:241,(anonymous_36)
FNF:37
FNH:0
FNDA:0,(anonymous_0)
FNDA:0,(anonymous_1)
FNDA:0,(anonymous_2)
FNDA:0,(anonymous_3)
FNDA:0,(anonymous_4)
FNDA:0,(anonymous_5)
FNDA:0,(anonymous_6)
FNDA:0,(anonymous_7)
FNDA:0,(anonymous_8)
FNDA:0,(anonymous_9)
FNDA:0,(anonymous_10)
FNDA:0,_toConsumableArray
FNDA:0,_nonIterableSpread
FNDA:0,_unsupportedIterableToArray
FNDA:0,_iterableToArray
FNDA:0,_arrayWithoutHoles
FNDA:0,_arrayLikeToArray
FNDA:0,render
FNDA:0,(anonymous_18)
FNDA:0,(anonymous_19)
FNDA:0,(anonymous_20)
FNDA:0,(anonymous_21)
FNDA:0,(anonymous_22)
FNDA:0,(anonymous_23)
FNDA:0,(anonymous_24)
FNDA:0,(anonymous_25)
FNDA:0,(anonymous_26)
FNDA:0,(anonymous_27)
FNDA:0,(anonymous_28)
FNDA:0,(anonymous_29)
FNDA:0,(anonymous_30)
FNDA:0,(anonymous_31)
FNDA:0,(anonymous_32)
FNDA:0,(anonymous_33)
FNDA:0,(anonymous_34)
FNDA:0,(anonymous_35)
FNDA:0,(anonymous_36)
DA:9,0
DA:10,0
DA:11,0
DA:12,0
DA:13,0
DA:16,0
DA:17,0
DA:18,0
DA:19,0
DA:20,0
DA:24,0
DA:25,0
DA:29,0
DA:30,0
DA:34,0
DA:35,0
DA:39,0
DA:40,0
DA:41,0
DA:42,0
DA:44,0
DA:45,0
DA:46,0
DA:47,0
DA:53,0
DA:54,0
DA:69,0
DA:75,0
DA:78,0
DA:81,0
DA:85,0
DA:90,0
DA:93,0
DA:94,0
DA:95,0
DA:96,0
DA:97,0
DA:98,0
DA:99,0
DA:100,0
DA:101,0
DA:107,0
DA:111,0
DA:112,0
DA:113,0
DA:114,0
DA:115,0
DA:116,0
DA:117,0
DA:118,0
DA:119,0
DA:120,0
DA:121,0
DA:122,0
DA:123,0
DA:125,0
DA:129,0
DA:131,0
DA:142,0
DA:150,0
DA:151,0
DA:153,0
DA:159,0
DA:161,0
DA:165,0
DA:167,0
DA:177,0
DA:179,0
DA:199,0
DA:208,0
DA:217,0
DA:225,0
DA:231,0
DA:241,0
DA:242,0
DA:252,0
LF:76
LH:0
BRDA:39,0,0,0
BRDA:95,1,0,0
BRDA:95,1,1,0
BRDA:95,1,2,0
BRDA:95,1,3,0
BRDA:97,2,0,0
BRDA:97,2,1,0
BRDA:97,3,0,0
BRDA:97,3,1,0
BRDA:97,4,0,0
BRDA:97,4,1,0
BRDA:97,4,2,0
BRDA:97,5,0,0
BRDA:97,5,1,0
BRDA:97,6,0,0
BRDA:97,6,1,0
BRDA:97,7,0,0
BRDA:97,7,1,0
BRDA:97,8,0,0
BRDA:97,8,1,0
BRDA:98,9,0,0
BRDA:98,9,1,0
BRDA:98,10,0,0
BRDA:98,10,1,0
BRDA:98,10,2,0
BRDA:99,11,0,0
BRDA:99,11,1,0
BRDA:100,12,0,0
BRDA:100,12,1,0
BRDA:100,12,2,0
BRDA:136,13,0,0
BRDA:136,13,1,0
BRDA:142,14,0,0
BRDA:142,14,1,0
BRDA:145,15,0,0
BRDA:145,15,1,0
BRDA:145,16,0,0
BRDA:145,16,1,0
BRDA:153,17,0,0
BRDA:153,17,1,0
BRDA:167,18,0,0
BRDA:167,18,1,0
BRDA:179,19,0,0
BRDA:179,19,1,0
BRDA:191,20,0,0
BRDA:191,20,1,0
BRDA:199,21,0,0
BRDA:199,21,1,0
BRDA:202,22,0,0
BRDA:202,22,1,0
BRDA:202,23,0,0
BRDA:202,23,1,0
BRDA:208,24,0,0
BRDA:208,24,1,0
BRDA:211,25,0,0
BRDA:211,25,1,0
BRDA:217,26,0,0
BRDA:217,26,1,0
BRDA:230,27,0,0
BRDA:230,27,1,0
BRDA:241,28,0,0
BRDA:241,28,1,0
BRDA:245,29,0,0
BRDA:245,29,1,0
BRF:64
BRH:0
end_of_record
TN:
SF:src/main.js
FNF:0
FNH:0
DA:10,0
DA:11,0
DA:13,0
DA:14,0
DA:15,0
DA:16,0
LF:6
LH:0
BRF:0
BRH:0
end_of_record
TN:
SF:src/components/AddRole.vue
FN:5,(anonymous_0)
FN:12,submitRole
FN:38,_toConsumableArray
FN:39,_nonIterableSpread
FN:40,_unsupportedIterableToArray
FN:41,_iterableToArray
FN:42,_arrayWithoutHoles
FN:43,_arrayLikeToArray
FN:44,render
FN:53,(anonymous_9)
FN:55,(anonymous_10)
FN:57,(anonymous_11)
FN:60,(anonymous_12)
FN:72,(anonymous_13)
FN:80,(anonymous_14)
FNF:15
FNH:0
FNDA:0,(anonymous_0)
FNDA:0,submitRole
FNDA:0,_toConsumableArray
FNDA:0,_nonIterableSpread
FNDA:0,_unsupportedIterableToArray
FNDA:0,_iterableToArray
FNDA:0,_arrayWithoutHoles
FNDA:0,_arrayLikeToArray
FNDA:0,render
FNDA:0,(anonymous_9)
FNDA:0,(anonymous_10)
FNDA:0,(anonymous_11)
FNDA:0,(anonymous_12)
FNDA:0,(anonymous_13)
FNDA:0,(anonymous_14)
DA:9,0
DA:10,0
DA:11,0
DA:13,0
DA:14,0
DA:15,0
DA:18,0
DA:24,0
DA:28,0
DA:33,0
DA:36,0
DA:37,0
DA:38,0
DA:39,0
DA:40,0
DA:41,0
DA:42,0
DA:43,0
DA:45,0
DA:46,0
DA:47,0
DA:48,0
DA:49,0
DA:50,0
DA:54,0
DA:56,0
DA:58,0
DA:61,0
DA:73,0
DA:81,0
DA:94,0
LF:31
LH:0
BRDA:13,0,0,0
BRDA:13,0,1,0
BRDA:38,1,0,0
BRDA:38,1,1,0
BRDA:38,1,2,0
BRDA:38,1,3,0
BRDA:40,2,0,0
BRDA:40,2,1,0
BRDA:40,3,0,0
BRDA:40,3,1,0
BRDA:40,4,0,0
BRDA:40,4,1,0
BRDA:40,4,2,0
BRDA:40,5,0,0
BRDA:40,5,1,0
BRDA:40,6,0,0
BRDA:40,6,1,0
BRDA:40,7,0,0
BRDA:40,7,1,0
BRDA:40,8,0,0
BRDA:40,8,1,0
BRDA:41,9,0,0
BRDA:41,9,1,0
BRDA:41,10,0,0
BRDA:41,10,1,0
BRDA:41,10,2,0
BRDA:42,11,0,0
BRDA:42,11,1,0
BRDA:43,12,0,0
BRDA:43,12,1,0
BRDA:43,12,2,0
BRDA:60,13,0,0
BRDA:60,13,1,0
BRDA:81,14,0,0
BRDA:81,14,1,0
BRF:35
BRH:0
end_of_record
TN:
SF:src/components/AddUserRole.vue
FN:12,(anonymous_0)
FN:20,(anonymous_1)
FN:28,(anonymous_2)
FN:29,(anonymous_3)
FN:30,(anonymous_4)
FN:32,(anonymous_5)
FN:34,(anonymous_6)
FN:36,(anonymous_7)
FN:38,(anonymous_8)
FN:76,_toConsumableArray
FN:77,_nonIterableSpread
FN:78,_unsupportedIterableToArray
FN:79,_iterableToArray
FN:80,_arrayWithoutHoles
FN:81,_arrayLikeToArray
FN:85,render
FN:91,(anonymous_16)
FN:95,(anonymous_17)
FN:97,(anonymous_18)
FN:100,(anonymous_19)
FN:109,(anonymous_20)
FN:119,(anonymous_21)
FN:127,(anonymous_22)
FNF:23
FNH:0
FNDA:0,(anonymous_0)
FNDA:0,(anonymous_1)
FNDA:0,(anonymous_2)
FNDA:0,(anonymous_3)
FNDA:0,(anonymous_4)
FNDA:0,(anonymous_5)
FNDA:0,(anonymous_6)
FNDA:0,(anonymous_7)
FNDA:0,(anonymous_8)
FNDA:0,_toConsumableArray
FNDA:0,_nonIterableSpread
FNDA:0,_unsupportedIterableToArray
FNDA:0,_iterableToArray
FNDA:0,_arrayWithoutHoles
FNDA:0,_arrayLikeToArray
FNDA:0,render
FNDA:0,(anonymous_16)
FNDA:0,(anonymous_17)
FNDA:0,(anonymous_18)
FNDA:0,(anonymous_19)
FNDA:0,(anonymous_20)
FNDA:0,(anonymous_21)
FNDA:0,(anonymous_22)
DA:15,0
DA:16,0
DA:17,0
DA:18,0
DA:19,0
DA:20,0
DA:21,0
DA:22,0
DA:23,0
DA:25,0
DA:28,0
DA:29,0
DA:30,0
DA:32,0
DA:33,0
DA:34,0
DA:36,0
DA:37,0
DA:38,0
DA:39,0
DA:40,0
DA:45,0
DA:49,0
DA:50,0
DA:51,0
DA:53,0
DA:54,0
DA:57,0
DA:69,0
DA:71,0
DA:74,0
DA:75,0
DA:76,0
DA:77,0
DA:78,0
DA:79,0
DA:80,0
DA:81,0
DA:82,0
DA:86,0
DA:87,0
DA:88,0
DA:89,0
DA:90,0
DA:92,0
DA:96,0
DA:98,0
DA:101,0
DA:110,0
DA:120,0
DA:128,0
DA:138,0
LF:52
LH:0
BRDA:30,0,0,0
BRDA:30,0,1,0
BRDA:33,1,0,0
BRDA:33,1,1,0
BRDA:53,2,0,0
BRDA:53,2,1,0
BRDA:76,3,0,0
BRDA:76,3,1,0
BRDA:76,3,2,0
BRDA:76,3,3,0
BRDA:78,4,0,0
BRDA:78,4,1,0
BRDA:78,5,0,0
BRDA:78,5,1,0
BRDA:78,6,0,0
BRDA:78,6,1,0
BRDA:78,6,2,0
BRDA:78,7,0,0
BRDA:78,7,1,0
BRDA:78,8,0,0
BRDA:78,8,1,0
BRDA:78,9,0,0
BRDA:78,9,1,0
BRDA:78,10,0,0
BRDA:78,10,1,0
BRDA:79,11,0,0
BRDA:79,11,1,0
BRDA:79,12,0,0
BRDA:79,12,1,0
BRDA:79,12,2,0
BRDA:80,13,0,0
BRDA:80,13,1,0
BRDA:81,14,0,0
BRDA:81,14,1,0
BRDA:81,14,2,0
BRDA:91,15,0,0
BRDA:91,15,1,0
BRDA:92,16,0,0
BRDA:92,16,1,0
BRDA:100,17,0,0
BRDA:100,17,1,0
BRDA:109,18,0,0
BRDA:109,18,1,0
BRDA:128,19,0,0
BRDA:128,19,1,0
BRF:45
BRH:0
end_of_record
TN:
SF:src/components/HelloWorld.vue
FN:7,(anonymous_0)
FN:33,render
FN:36,(anonymous_2)
FNF:3
FNH:0
FNDA:0,(anonymous_0)
FNDA:0,render
FNDA:0,(anonymous_2)
DA:10,0
DA:11,0
DA:12,0
DA:16,0
DA:20,0
DA:25,0
DA:28,0
DA:29,0
DA:30,0
DA:34,0
DA:37,0
DA:48,0
LF:12
LH:0
BRDA:36,0,0,0
BRDA:36,0,1,0
BRDA:39,1,0,0
BRDA:39,1,1,0
BRDA:39,2,0,0
BRDA:39,2,1,0
BRDA:42,3,0,0
BRDA:42,3,1,0
BRDA:45,4,0,0
BRDA:45,4,1,0
BRF:10
BRH:0
end_of_record
TN:
SF:src/components/UpdateAccount.vue
FN:9,(anonymous_0)
FN:17,(anonymous_1)
FN:20,(anonymous_2)
FN:68,_toConsumableArray
FN:69,_nonIterableSpread
FN:70,_unsupportedIterableToArray
FN:71,_iterableToArray
FN:72,_arrayWithoutHoles
FN:73,_arrayLikeToArray
FN:74,render
FN:83,(anonymous_10)
FN:87,(anonymous_11)
FN:96,(anonymous_12)
FN:104,(anonymous_13)
FN:111,(anonymous_14)
FN:118,(anonymous_15)
FN:122,(anonymous_16)
FN:129,(anonymous_17)
FN:134,(anonymous_18)
FNF:19
FNH:0
FNDA:0,(anonymous_0)
FNDA:0,(anonymous_1)
FNDA:0,(anonymous_2)
FNDA:0,_toConsumableArray
FNDA:0,_nonIterableSpread
FNDA:0,_unsupportedIterableToArray
FNDA:0,_iterableToArray
FNDA:0,_arrayWithoutHoles
FNDA:0,_arrayLikeToArray
FNDA:0,render
FNDA:0,(anonymous_10)
FNDA:0,(anonymous_11)
FNDA:0,(anonymous_12)
FNDA:0,(anonymous_13)
FNDA:0,(anonymous_14)
FNDA:0,(anonymous_15)
FNDA:0,(anonymous_16)
FNDA:0,(anonymous_17)
FNDA:0,(anonymous_18)
DA:10,0
DA:11,0
DA:12,0
DA:13,0
DA:14,0
DA:15,0
DA:16,0
DA:17,0
DA:18,0
DA:20,0
DA:21,0
DA:22,0
DA:30,0
DA:31,0
DA:35,0
DA:36,0
DA:37,0
DA:38,0
DA:39,0
DA:41,0
DA:44,0
DA:45,0
DA:48,0
DA:61,0
DA:63,0
DA:66,0
DA:67,0
DA:68,0
DA:69,0
DA:70,0
DA:71,0
DA:72,0
DA:73,0
DA:75,0
DA:76,0
DA:77,0
DA:78,0
DA:79,0
DA:80,0
DA:84,0
DA:88,0
DA:97,0
DA:105,0
DA:112,0
DA:119,0
DA:123,0
DA:130,0
DA:135,0
DA:148,0
LF:49
LH:0
BRDA:37,0,0,0
BRDA:37,0,1,0
BRDA:44,1,0,0
BRDA:44,1,1,0
BRDA:68,2,0,0
BRDA:68,2,1,0
BRDA:68,2,2,0
BRDA:68,2,3,0
BRDA:70,3,0,0
BRDA:70,3,1,0
BRDA:70,4,0,0
BRDA:70,4,1,0
BRDA:70,5,0,0
BRDA:70,5,1,0
BRDA:70,5,2,0
BRDA:70,6,0,0
BRDA:70,6,1,0
BRDA:70,7,0,0
BRDA:70,7,1,0
BRDA:70,8,0,0
BRDA:70,8,1,0
BRDA:70,9,0,0
BRDA:70,9,1,0
BRDA:71,10,0,0
BRDA:71,10,1,0
BRDA:71,11,0,0
BRDA:71,11,1,0
BRDA:71,11,2,0
BRDA:72,12,0,0
BRDA:72,12,1,0
BRDA:73,13,0,0
BRDA:73,13,1,0
BRDA:73,13,2,0
BRDA:84,14,0,0
BRDA:84,14,1,0
BRDA:87,15,0,0
BRDA:87,15,1,0
BRDA:93,16,0,0
BRDA:93,16,1,0
BRDA:96,17,0,0
BRDA:96,17,1,0
BRDA:101,18,0,0
BRDA:101,18,1,0
BRDA:104,19,0,0
BRDA:104,19,1,0
BRDA:111,20,0,0
BRDA:111,20,1,0
BRDA:135,21,0,0
BRDA:135,21,1,0
BRF:49
BRH:0
end_of_record
TN:
SF:src/router/index.js
FN:19,(anonymous_0)
FN:32,(anonymous_1)
FN:45,(anonymous_2)
FN:73,(anonymous_3)
FN:86,(anonymous_4)
FN:99,(anonymous_5)
FNF:6
FNH:0
FNDA:0,(anonymous_0)
FNDA:0,(anonymous_1)
FNDA:0,(anonymous_2)
FNDA:0,(anonymous_3)
FNDA:0,(anonymous_4)
FNDA:0,(anonymous_5)
DA:14,0
DA:20,0
DA:21,0
DA:22,0
DA:24,0
DA:33,0
DA:34,0
DA:35,0
DA:37,0
DA:46,0
DA:47,0
DA:48,0
DA:50,0
DA:74,0
DA:75,0
DA:76,0
DA:78,0
DA:87,0
DA:88,0
DA:89,0
DA:91,0
DA:100,0
DA:101,0
DA:102,0
DA:104,0
DA:110,0
LF:26
LH:0
BRDA:21,0,0,0
BRDA:21,0,1,0
BRDA:34,1,0,0
BRDA:34,1,1,0
BRDA:47,2,0,0
BRDA:47,2,1,0
BRDA:75,3,0,0
BRDA:75,3,1,0
BRDA:88,4,0,0
BRDA:88,4,1,0
BRDA:88,5,0,0
BRDA:88,5,1,0
BRDA:101,6,0,0
BRDA:101,6,1,0
BRDA:101,7,0,0
BRDA:101,7,1,0
BRF:16
BRH:0
end_of_record
TN:
SF:src/services/ahoy.js
FN:3,trackEvent
FNF:1
FNH:0
FNDA:0,trackEvent
DA:4,0
DA:5,0
DA:14,0
LF:3
LH:0
BRDA:3,0,0,0
BRDA:3,1,0,0
BRDA:4,2,0,0
BRDA:4,2,1,0
BRF:4
BRH:0
end_of_record
TN:
SF:src/services/api.js
FNF:0
FNH:0
DA:3,0
DA:5,0
LF:2
LH:0
BRDA:3,0,0,0
BRDA:3,0,1,0
BRF:2
BRH:0
end_of_record
TN:
SF:src/stores/UserStore.js
FN:6,(anonymous_0)
FN:9,(anonymous_1)
FN:36,(anonymous_2)
FN:50,(anonymous_3)
FN:52,(anonymous_4)
FN:54,(anonymous_5)
FN:59,(anonymous_6)
FN:89,(anonymous_7)
FN:115,(anonymous_8)
FNF:9
FNH:0
FNDA:0,(anonymous_0)
FNDA:0,(anonymous_1)
FNDA:0,(anonymous_2)
FNDA:0,(anonymous_3)
FNDA:0,(anonymous_4)
FNDA:0,(anonymous_5)
FNDA:0,(anonymous_6)
FNDA:0,(anonymous_7)
FNDA:0,(anonymous_8)
DA:6,0
DA:9,0
DA:10,0
DA:11,0
DA:13,0
DA:14,0
DA:16,0
DA:18,0
DA:20,0
DA:21,0
DA:26,0
DA:27,0
DA:30,0
DA:31,0
DA:32,0
DA:36,0
DA:37,0
DA:39,0
DA:40,0
DA:42,0
DA:47,0
DA:50,0
DA:52,0
DA:53,0
DA:54,0
DA:59,0
DA:60,0
DA:61,0
DA:63,0
DA:64,0
DA:67,0
DA:68,0
DA:69,0
DA:70,0
DA:72,0
DA:75,0
DA:79,0
DA:81,0
DA:83,0
DA:86,0
DA:89,0
DA:90,0
DA:91,0
DA:92,0
DA:95,0
DA:97,0
DA:100,0
DA:101,0
DA:103,0
DA:104,0
DA:107,0
DA:108,0
DA:109,0
DA:110,0
DA:111,0
DA:115,0
DA:116,0
DA:117,0
DA:118,0
DA:119,0
DA:125,0
LF:61
LH:0
BRDA:13,0,0,0
BRDA:13,0,1,0
BRDA:13,1,0,0
BRDA:13,1,1,0
BRDA:13,1,2,0
BRDA:30,2,0,0
BRDA:30,2,1,0
BRDA:30,3,0,0
BRDA:30,3,1,0
BRDA:37,4,0,0
BRDA:37,4,1,0
BRDA:39,5,0,0
BRDA:39,5,1,0
BRDA:53,6,0,0
BRDA:53,6,1,0
BRDA:53,7,0,0
BRDA:53,7,1,0
BRDA:61,8,0,0
BRDA:61,8,1,0
BRDA:67,9,0,0
BRDA:67,9,1,0
BRDA:91,10,0,0
BRDA:91,10,1,0
BRF:23
BRH:0
end_of_record
TN:
SF:src/views/Account.vue
FN:10,(anonymous_0)
FN:16,(anonymous_1)
FN:21,(anonymous_2)
FN:26,(anonymous_3)
FN:27,(anonymous_4)
FN:57,render
FN:62,(anonymous_6)
FN:70,(anonymous_7)
FN:72,(anonymous_8)
FN:76,(anonymous_9)
FN:85,(anonymous_10)
FN:87,(anonymous_11)
FNF:12
FNH:0
FNDA:0,(anonymous_0)
FNDA:0,(anonymous_1)
FNDA:0,(anonymous_2)
FNDA:0,(anonymous_3)
FNDA:0,(anonymous_4)
FNDA:0,render
FNDA:0,(anonymous_6)
FNDA:0,(anonymous_7)
FNDA:0,(anonymous_8)
FNDA:0,(anonymous_9)
FNDA:0,(anonymous_10)
FNDA:0,(anonymous_11)
DA:11,0
DA:12,0
DA:13,0
DA:14,0
DA:15,0
DA:17,0
DA:20,0
DA:22,0
DA:25,0
DA:27,0
DA:30,0
DA:41,0
DA:43,0
DA:46,0
DA:47,0
DA:48,0
DA:51,0
DA:54,0
DA:58,0
DA:59,0
DA:60,0
DA:61,0
DA:63,0
DA:71,0
DA:73,0
DA:77,0
DA:86,0
DA:88,0
DA:97,0
LF:29
LH:0
BRDA:63,0,0,0
BRDA:63,0,1,0
BRDA:63,1,0,0
BRDA:63,1,1,0
BRDA:63,2,0,0
BRDA:63,2,1,0
BRDA:71,3,0,0
BRDA:71,3,1,0
BRDA:71,4,0,0
BRDA:71,4,1,0
BRDA:71,5,0,0
BRDA:71,5,1,0
BRDA:71,6,0,0
BRDA:71,6,1,0
BRDA:71,7,0,0
BRDA:71,7,1,0
BRDA:72,8,0,0
BRDA:72,8,1,0
BRDA:75,9,0,0
BRDA:75,9,1,0
BRDA:76,10,0,0
BRDA:76,10,1,0
BRDA:82,11,0,0
BRDA:82,11,1,0
BRDA:87,12,0,0
BRDA:87,12,1,0
BRF:26
BRH:0
end_of_record
TN:
SF:src/views/Confirmation.vue
FN:5,(anonymous_0)
FN:16,(anonymous_1)
FN:61,_toConsumableArray
FN:62,_nonIterableSpread
FN:63,_unsupportedIterableToArray
FN:64,_iterableToArray
FN:65,_arrayWithoutHoles
FN:66,_arrayLikeToArray
FN:67,render
FN:73,(anonymous_9)
FN:77,(anonymous_10)
FNF:11
FNH:0
FNDA:0,(anonymous_0)
FNDA:0,(anonymous_1)
FNDA:0,_toConsumableArray
FNDA:0,_nonIterableSpread
FNDA:0,_unsupportedIterableToArray
FNDA:0,_iterableToArray
FNDA:0,_arrayWithoutHoles
FNDA:0,_arrayLikeToArray
FNDA:0,render
FNDA:0,(anonymous_9)
FNDA:0,(anonymous_10)
DA:6,0
DA:7,0
DA:8,0
DA:9,0
DA:17,0
DA:18,0
DA:19,0
DA:20,0
DA:25,0
DA:26,0
DA:30,0
DA:31,0
DA:33,0
DA:34,0
DA:36,0
DA:37,0
DA:38,0
DA:40,0
DA:41,0
DA:43,0
DA:45,0
DA:49,0
DA:54,0
DA:56,0
DA:59,0
DA:60,0
DA:61,0
DA:62,0
DA:63,0
DA:64,0
DA:65,0
DA:66,0
DA:68,0
DA:69,0
DA:70,0
DA:74,0
DA:78,0
DA:85,0
LF:38
LH:0
BRDA:18,0,0,0
BRDA:18,0,1,0
BRDA:31,1,0,0
BRDA:31,1,1,0
BRDA:36,2,0,0
BRDA:36,2,1,0
BRDA:40,3,0,0
BRDA:40,3,1,0
BRDA:43,4,0,0
BRDA:43,4,1,0
BRDA:61,5,0,0
BRDA:61,5,1,0
BRDA:61,5,2,0
BRDA:61,5,3,0
BRDA:63,6,0,0
BRDA:63,6,1,0
BRDA:63,7,0,0
BRDA:63,7,1,0
BRDA:63,8,0,0
BRDA:63,8,1,0
BRDA:63,8,2,0
BRDA:63,9,0,0
BRDA:63,9,1,0
BRDA:63,10,0,0
BRDA:63,10,1,0
BRDA:63,11,0,0
BRDA:63,11,1,0
BRDA:63,12,0,0
BRDA:63,12,1,0
BRDA:64,13,0,0
BRDA:64,13,1,0
BRDA:64,14,0,0
BRDA:64,14,1,0
BRDA:64,14,2,0
BRDA:65,15,0,0
BRDA:65,15,1,0
BRDA:66,16,0,0
BRDA:66,16,1,0
BRDA:66,16,2,0
BRDA:78,17,0,0
BRDA:78,17,1,0
BRF:41
BRH:0
end_of_record
TN:
SF:src/views/Dashboard.vue
FN:5,(anonymous_0)
FN:21,_toConsumableArray
FN:22,_nonIterableSpread
FN:23,_unsupportedIterableToArray
FN:24,_iterableToArray
FN:25,_arrayWithoutHoles
FN:26,_arrayLikeToArray
FN:27,render
FN:30,(anonymous_8)
FNF:9
FNH:0
FNDA:0,(anonymous_0)
FNDA:0,_toConsumableArray
FNDA:0,_nonIterableSpread
FNDA:0,_unsupportedIterableToArray
FNDA:0,_iterableToArray
FNDA:0,_arrayWithoutHoles
FNDA:0,_arrayLikeToArray
FNDA:0,render
FNDA:0,(anonymous_8)
DA:6,0
DA:7,0
DA:8,0
DA:14,0
DA:16,0
DA:19,0
DA:20,0
DA:21,0
DA:22,0
DA:23,0
DA:24,0
DA:25,0
DA:26,0
DA:28,0
DA:29,0
DA:31,0
DA:35,0
LF:17
LH:0
BRDA:21,0,0,0
BRDA:21,0,1,0
BRDA:21,0,2,0
BRDA:21,0,3,0
BRDA:23,1,0,0
BRDA:23,1,1,0
BRDA:23,2,0,0
BRDA:23,2,1,0
BRDA:23,3,0,0
BRDA:23,3,1,0
BRDA:23,3,2,0
BRDA:23,4,0,0
BRDA:23,4,1,0
BRDA:23,5,0,0
BRDA:23,5,1,0
BRDA:23,6,0,0
BRDA:23,6,1,0
BRDA:23,7,0,0
BRDA:23,7,1,0
BRDA:24,8,0,0
BRDA:24,8,1,0
BRDA:24,9,0,0
BRDA:24,9,1,0
BRDA:24,9,2,0
BRDA:25,10,0,0
BRDA:25,10,1,0
BRDA:26,11,0,0
BRDA:26,11,1,0
BRDA:26,11,2,0
BRDA:31,12,0,0
BRDA:31,12,1,0
BRF:31
BRH:0
end_of_record
TN:
SF:src/views/Login.vue
FN:6,(anonymous_0)
FN:12,(anonymous_1)
FN:21,(anonymous_2)
FN:44,(anonymous_3)
FN:58,_toConsumableArray
FN:59,_nonIterableSpread
FN:60,_unsupportedIterableToArray
FN:61,_iterableToArray
FN:62,_arrayWithoutHoles
FN:63,_arrayLikeToArray
FN:64,render
FN:76,(anonymous_11)
FN:80,(anonymous_12)
FN:83,(anonymous_13)
FN:91,(anonymous_14)
FN:98,(anonymous_15)
FN:102,(anonymous_16)
FN:104,(anonymous_17)
FN:114,(anonymous_18)
FN:120,(anonymous_19)
FNF:20
FNH:0
FNDA:0,(anonymous_0)
FNDA:0,(anonymous_1)
FNDA:0,(anonymous_2)
FNDA:0,(anonymous_3)
FNDA:0,_toConsumableArray
FNDA:0,_nonIterableSpread
FNDA:0,_unsupportedIterableToArray
FNDA:0,_iterableToArray
FNDA:0,_arrayWithoutHoles
FNDA:0,_arrayLikeToArray
FNDA:0,render
FNDA:0,(anonymous_11)
FNDA:0,(anonymous_12)
FNDA:0,(anonymous_13)
FNDA:0,(anonymous_14)
FNDA:0,(anonymous_15)
FNDA:0,(anonymous_16)
FNDA:0,(anonymous_17)
FNDA:0,(anonymous_18)
FNDA:0,(anonymous_19)
DA:7,0
DA:13,0
DA:14,0
DA:15,0
DA:22,0
DA:23,0
DA:29,0
DA:30,0
DA:31,0
DA:32,0
DA:34,0
DA:35,0
DA:36,0
DA:40,0
DA:41,0
DA:45,0
DA:51,0
DA:53,0
DA:56,0
DA:57,0
DA:58,0
DA:59,0
DA:60,0
DA:61,0
DA:62,0
DA:63,0
DA:65,0
DA:66,0
DA:67,0
DA:68,0
DA:69,0
DA:70,0
DA:71,0
DA:77,0
DA:81,0
DA:84,0
DA:92,0
DA:99,0
DA:103,0
DA:105,0
DA:115,0
DA:121,0
DA:137,0
LF:43
LH:0
BRDA:30,0,0,0
BRDA:30,0,1,0
BRDA:30,1,0,0
BRDA:30,1,1,0
BRDA:40,2,0,0
BRDA:40,2,1,0
BRDA:58,3,0,0
BRDA:58,3,1,0
BRDA:58,3,2,0
BRDA:58,3,3,0
BRDA:60,4,0,0
BRDA:60,4,1,0
BRDA:60,5,0,0
BRDA:60,5,1,0
BRDA:60,6,0,0
BRDA:60,6,1,0
BRDA:60,6,2,0
BRDA:60,7,0,0
BRDA:60,7,1,0
BRDA:60,8,0,0
BRDA:60,8,1,0
BRDA:60,9,0,0
BRDA:60,9,1,0
BRDA:60,10,0,0
BRDA:60,10,1,0
BRDA:61,11,0,0
BRDA:61,11,1,0
BRDA:61,12,0,0
BRDA:61,12,1,0
BRDA:61,12,2,0
BRDA:62,13,0,0
BRDA:62,13,1,0
BRDA:63,14,0,0
BRDA:63,14,1,0
BRDA:63,14,2,0
BRDA:77,15,0,0
BRDA:77,15,1,0
BRDA:83,16,0,0
BRDA:83,16,1,0
BRDA:91,17,0,0
BRDA:91,17,1,0
BRDA:104,18,0,0
BRDA:104,18,1,0
BRDA:105,19,0,0
BRDA:105,19,1,0
BRDA:121,20,0,0
BRDA:121,20,1,0
BRF:47
BRH:0
end_of_record
TN:
SF:src/views/PasswordEdit.vue
FN:5,(anonymous_0)
FN:11,(anonymous_1)
FN:22,(anonymous_2)
FN:54,_toConsumableArray
FN:55,_nonIterableSpread
FN:56,_unsupportedIterableToArray
FN:57,_iterableToArray
FN:58,_arrayWithoutHoles
FN:59,_arrayLikeToArray
FN:60,render
FN:72,(anonymous_10)
FN:76,(anonymous_11)
FN:79,(anonymous_12)
FN:87,(anonymous_13)
FN:94,(anonymous_14)
FN:100,(anonymous_15)
FN:105,(anonymous_16)
FNF:17
FNH:0
FNDA:0,(anonymous_0)
FNDA:0,(anonymous_1)
FNDA:0,(anonymous_2)
FNDA:0,_toConsumableArray
FNDA:0,_nonIterableSpread
FNDA:0,_unsupportedIterableToArray
FNDA:0,_iterableToArray
FNDA:0,_arrayWithoutHoles
FNDA:0,_arrayLikeToArray
FNDA:0,render
FNDA:0,(anonymous_10)
FNDA:0,(anonymous_11)
FNDA:0,(anonymous_12)
FNDA:0,(anonymous_13)
FNDA:0,(anonymous_14)
FNDA:0,(anonymous_15)
FNDA:0,(anonymous_16)
DA:6,0
DA:12,0
DA:13,0
DA:14,0
DA:15,0
DA:23,0
DA:24,0
DA:25,0
DA:26,0
DA:27,0
DA:29,0
DA:36,0
DA:37,0
DA:41,0
DA:42,0
DA:47,0
DA:49,0
DA:52,0
DA:53,0
DA:54,0
DA:55,0
DA:56,0
DA:57,0
DA:58,0
DA:59,0
DA:61,0
DA:62,0
DA:63,0
DA:64,0
DA:65,0
DA:66,0
DA:67,0
DA:73,0
DA:77,0
DA:80,0
DA:88,0
DA:95,0
DA:101,0
DA:106,0
DA:122,0
LF:40
LH:0
BRDA:25,0,0,0
BRDA:25,0,1,0
BRDA:25,1,0,0
BRDA:25,1,1,0
BRDA:41,2,0,0
BRDA:41,2,1,0
BRDA:54,3,0,0
BRDA:54,3,1,0
BRDA:54,3,2,0
BRDA:54,3,3,0
BRDA:56,4,0,0
BRDA:56,4,1,0
BRDA:56,5,0,0
BRDA:56,5,1,0
BRDA:56,6,0,0
BRDA:56,6,1,0
BRDA:56,6,2,0
BRDA:56,7,0,0
BRDA:56,7,1,0
BRDA:56,8,0,0
BRDA:56,8,1,0
BRDA:56,9,0,0
BRDA:56,9,1,0
BRDA:56,10,0,0
BRDA:56,10,1,0
BRDA:57,11,0,0
BRDA:57,11,1,0
BRDA:57,12,0,0
BRDA:57,12,1,0
BRDA:57,12,2,0
BRDA:58,13,0,0
BRDA:58,13,1,0
BRDA:59,14,0,0
BRDA:59,14,1,0
BRDA:59,14,2,0
BRDA:73,15,0,0
BRDA:73,15,1,0
BRDA:79,16,0,0
BRDA:79,16,1,0
BRDA:87,17,0,0
BRDA:87,17,1,0
BRDA:106,18,0,0
BRDA:106,18,1,0
BRF:43
BRH:0
end_of_record
TN:
SF:src/views/PasswordReset.vue
FN:5,(anonymous_0)
FN:10,(anonymous_1)
FN:21,(anonymous_2)
FN:50,_toConsumableArray
FN:51,_nonIterableSpread
FN:52,_unsupportedIterableToArray
FN:53,_iterableToArray
FN:54,_arrayWithoutHoles
FN:55,_arrayLikeToArray
FN:56,render
FN:68,(anonymous_10)
FN:72,(anonymous_11)
FN:75,(anonymous_12)
FN:81,(anonymous_13)
FN:87,(anonymous_14)
FN:92,(anonymous_15)
FNF:16
FNH:0
FNDA:0,(anonymous_0)
FNDA:0,(anonymous_1)
FNDA:0,(anonymous_2)
FNDA:0,_toConsumableArray
FNDA:0,_nonIterableSpread
FNDA:0,_unsupportedIterableToArray
FNDA:0,_iterableToArray
FNDA:0,_arrayWithoutHoles
FNDA:0,_arrayLikeToArray
FNDA:0,render
FNDA:0,(anonymous_10)
FNDA:0,(anonymous_11)
FNDA:0,(anonymous_12)
FNDA:0,(anonymous_13)
FNDA:0,(anonymous_14)
FNDA:0,(anonymous_15)
DA:6,0
DA:11,0
DA:12,0
DA:13,0
DA:14,0
DA:22,0
DA:23,0
DA:24,0
DA:25,0
DA:27,0
DA:32,0
DA:33,0
DA:37,0
DA:38,0
DA:43,0
DA:45,0
DA:48,0
DA:49,0
DA:50,0
DA:51,0
DA:52,0
DA:53,0
DA:54,0
DA:55,0
DA:57,0
DA:58,0
DA:59,0
DA:60,0
DA:61,0
DA:62,0
DA:63,0
DA:69,0
DA:73,0
DA:76,0
DA:82,0
DA:88,0
DA:93,0
DA:109,0
LF:38
LH:0
BRDA:23,0,0,0
BRDA:23,0,1,0
BRDA:37,1,0,0
BRDA:37,1,1,0
BRDA:50,2,0,0
BRDA:50,2,1,0
BRDA:50,2,2,0
BRDA:50,2,3,0
BRDA:52,3,0,0
BRDA:52,3,1,0
BRDA:52,4,0,0
BRDA:52,4,1,0
BRDA:52,5,0,0
BRDA:52,5,1,0
BRDA:52,5,2,0
BRDA:52,6,0,0
BRDA:52,6,1,0
BRDA:52,7,0,0
BRDA:52,7,1,0
BRDA:52,8,0,0
BRDA:52,8,1,0
BRDA:52,9,0,0
BRDA:52,9,1,0
BRDA:53,10,0,0
BRDA:53,10,1,0
BRDA:53,11,0,0
BRDA:53,11,1,0
BRDA:53,11,2,0
BRDA:54,12,0,0
BRDA:54,12,1,0
BRDA:55,13,0,0
BRDA:55,13,1,0
BRDA:55,13,2,0
BRDA:69,14,0,0
BRDA:69,14,1,0
BRDA:75,15,0,0
BRDA:75,15,1,0
BRDA:93,16,0,0
BRDA:93,16,1,0
BRF:39
BRH:0
end_of_record
TN:
SF:src/views/Roles.vue
FN:12,(anonymous_0)
FN:16,(anonymous_1)
FN:20,(anonymous_2)
FN:24,(anonymous_3)
FN:33,(anonymous_4)
FN:48,(anonymous_5)
FN:57,(anonymous_6)
FN:70,(anonymous_7)
FN:72,(anonymous_8)
FN:73,(anonymous_9)
FN:109,_toConsumableArray
FN:110,_nonIterableSpread
FN:111,_unsupportedIterableToArray
FN:112,_iterableToArray
FN:113,_arrayWithoutHoles
FN:114,_arrayLikeToArray
FN:127,render
FN:137,(anonymous_17)
FN:142,(anonymous_18)
FN:148,(anonymous_19)
FN:150,(anonymous_20)
FN:152,(anonymous_21)
FN:159,(anonymous_22)
FN:164,onClick
FN:172,onClick
FN:187,(anonymous_25)
FN:192,(anonymous_26)
FN:198,(anonymous_27)
FN:200,(anonymous_28)
FN:204,(anonymous_29)
FN:212,(anonymous_30)
FN:222,(anonymous_31)
FN:224,onClick
FN:243,(anonymous_33)
FNF:34
FNH:0
FNDA:0,(anonymous_0)
FNDA:0,(anonymous_1)
FNDA:0,(anonymous_2)
FNDA:0,(anonymous_3)
FNDA:0,(anonymous_4)
FNDA:0,(anonymous_5)
FNDA:0,(anonymous_6)
FNDA:0,(anonymous_7)
FNDA:0,(anonymous_8)
FNDA:0,(anonymous_9)
FNDA:0,_toConsumableArray
FNDA:0,_nonIterableSpread
FNDA:0,_unsupportedIterableToArray
FNDA:0,_iterableToArray
FNDA:0,_arrayWithoutHoles
FNDA:0,_arrayLikeToArray
FNDA:0,render
FNDA:0,(anonymous_17)
FNDA:0,(anonymous_18)
FNDA:0,(anonymous_19)
FNDA:0,(anonymous_20)
FNDA:0,(anonymous_21)
FNDA:0,(anonymous_22)
FNDA:0,onClick
FNDA:0,onClick
FNDA:0,(anonymous_25)
FNDA:0,(anonymous_26)
FNDA:0,(anonymous_27)
FNDA:0,(anonymous_28)
FNDA:0,(anonymous_29)
FNDA:0,(anonymous_30)
FNDA:0,(anonymous_31)
FNDA:0,onClick
FNDA:0,(anonymous_33)
DA:13,0
DA:14,0
DA:15,0
DA:16,0
DA:17,0
DA:19,0
DA:21,0
DA:24,0
DA:25,0
DA:26,0
DA:27,0
DA:29,0
DA:30,0
DA:33,0
DA:34,0
DA:35,0
DA:38,0
DA:41,0
DA:42,0
DA:44,0
DA:45,0
DA:48,0
DA:49,0
DA:50,0
DA:51,0
DA:53,0
DA:54,0
DA:57,0
DA:58,0
DA:59,0
DA:60,0
DA:63,0
DA:64,0
DA:66,0
DA:67,0
DA:70,0
DA:71,0
DA:72,0
DA:73,0
DA:74,0
DA:79,0
DA:83,0
DA:84,0
DA:86,0
DA:87,0
DA:90,0
DA:102,0
DA:104,0
DA:107,0
DA:108,0
DA:109,0
DA:110,0
DA:111,0
DA:112,0
DA:113,0
DA:114,0
DA:115,0
DA:118,0
DA:119,0
DA:120,0
DA:126,0
DA:128,0
DA:129,0
DA:130,0
DA:131,0
DA:132,0
DA:133,0
DA:134,0
DA:135,0
DA:136,0
DA:138,0
DA:143,0
DA:149,0
DA:151,0
DA:153,0
DA:160,0
DA:165,0
DA:173,0
DA:188,0
DA:193,0
DA:199,0
DA:201,0
DA:205,0
DA:213,0
DA:223,0
DA:225,0
DA:244,0
DA:250,0
LF:88
LH:0
BRDA:29,0,0,0
BRDA:29,0,1,0
BRDA:44,1,0,0
BRDA:44,1,1,0
BRDA:53,2,0,0
BRDA:53,2,1,0
BRDA:66,3,0,0
BRDA:66,3,1,0
BRDA:86,4,0,0
BRDA:86,4,1,0
BRDA:109,5,0,0
BRDA:109,5,1,0
BRDA:109,5,2,0
BRDA:109,5,3,0
BRDA:111,6,0,0
BRDA:111,6,1,0
BRDA:111,7,0,0
BRDA:111,7,1,0
BRDA:111,8,0,0
BRDA:111,8,1,0
BRDA:111,8,2,0
BRDA:111,9,0,0
BRDA:111,9,1,0
BRDA:111,10,0,0
BRDA:111,10,1,0
BRDA:111,11,0,0
BRDA:111,11,1,0
BRDA:111,12,0,0
BRDA:111,12,1,0
BRDA:112,13,0,0
BRDA:112,13,1,0
BRDA:112,14,0,0
BRDA:112,14,1,0
BRDA:112,14,2,0
BRDA:113,15,0,0
BRDA:113,15,1,0
BRDA:114,16,0,0
BRDA:114,16,1,0
BRDA:114,16,2,0
BRDA:138,17,0,0
BRDA:138,17,1,0
BRDA:138,18,0,0
BRDA:138,18,1,0
BRDA:167,19,0,0
BRDA:167,19,1,0
BRDA:185,20,0,0
BRDA:185,20,1,0
BRDA:187,21,0,0
BRDA:187,21,1,0
BRDA:205,22,0,0
BRDA:205,22,1,0
BRDA:213,23,0,0
BRDA:213,23,1,0
BRDA:237,24,0,0
BRDA:237,24,1,0
BRDA:237,25,0,0
BRDA:237,25,1,0
BRDA:243,26,0,0
BRDA:243,26,1,0
BRF:59
BRH:0
end_of_record
TN:
SF:src/views/Signup.vue
FN:5,(anonymous_0)
FN:12,(anonymous_1)
FN:21,(anonymous_2)
FN:49,_toConsumableArray
FN:50,_nonIterableSpread
FN:51,_unsupportedIterableToArray
FN:52,_iterableToArray
FN:53,_arrayWithoutHoles
FN:54,_arrayLikeToArray
FN:55,render
FN:67,(anonymous_10)
FN:71,(anonymous_11)
FN:74,(anonymous_12)
FN:82,(anonymous_13)
FN:90,(anonymous_14)
FN:97,(anonymous_15)
FN:103,(anonymous_16)
FN:108,(anonymous_17)
FNF:18
FNH:0
FNDA:0,(anonymous_0)
FNDA:0,(anonymous_1)
FNDA:0,(anonymous_2)
FNDA:0,_toConsumableArray
FNDA:0,_nonIterableSpread
FNDA:0,_unsupportedIterableToArray
FNDA:0,_iterableToArray
FNDA:0,_arrayWithoutHoles
FNDA:0,_arrayLikeToArray
FNDA:0,render
FNDA:0,(anonymous_10)
FNDA:0,(anonymous_11)
FNDA:0,(anonymous_12)
FNDA:0,(anonymous_13)
FNDA:0,(anonymous_14)
FNDA:0,(anonymous_15)
FNDA:0,(anonymous_16)
FNDA:0,(anonymous_17)
DA:6,0
DA:13,0
DA:14,0
DA:15,0
DA:22,0
DA:29,0
DA:30,0
DA:31,0
DA:32,0
DA:36,0
DA:37,0
DA:42,0
DA:44,0
DA:47,0
DA:48,0
DA:49,0
DA:50,0
DA:51,0
DA:52,0
DA:53,0
DA:54,0
DA:56,0
DA:57,0
DA:58,0
DA:59,0
DA:60,0
DA:61,0
DA:62,0
DA:68,0
DA:72,0
DA:75,0
DA:83,0
DA:91,0
DA:98,0
DA:104,0
DA:109,0
DA:125,0
LF:37
LH:0
BRDA:36,0,0,0
BRDA:36,0,1,0
BRDA:49,1,0,0
BRDA:49,1,1,0
BRDA:49,1,2,0
BRDA:49,1,3,0
BRDA:51,2,0,0
BRDA:51,2,1,0
BRDA:51,3,0,0
BRDA:51,3,1,0
BRDA:51,4,0,0
BRDA:51,4,1,0
BRDA:51,4,2,0
BRDA:51,5,0,0
BRDA:51,5,1,0
BRDA:51,6,0,0
BRDA:51,6,1,0
BRDA:51,7,0,0
BRDA:51,7,1,0
BRDA:51,8,0,0
BRDA:51,8,1,0
BRDA:52,9,0,0
BRDA:52,9,1,0
BRDA:52,10,0,0
BRDA:52,10,1,0
BRDA:52,10,2,0
BRDA:53,11,0,0
BRDA:53,11,1,0
BRDA:54,12,0,0
BRDA:54,12,1,0
BRDA:54,12,2,0
BRDA:68,13,0,0
BRDA:68,13,1,0
BRDA:74,14,0,0
BRDA:74,14,1,0
BRDA:82,15,0,0
BRDA:82,15,1,0
BRDA:90,16,0,0
BRDA:90,16,1,0
BRDA:109,17,0,0
BRDA:109,17,1,0
BRF:41
BRH:0
end_of_record
TN:
SF:src/views/Users.vue
FN:5,(anonymous_0)
FN:14,(anonymous_1)
FN:18,(anonymous_2)
FN:24,(anonymous_3)
FN:29,(anonymous_4)
FN:31,(anonymous_5)
FN:37,(anonymous_6)
FN:50,(anonymous_7)
FN:66,(anonymous_8)
FN:83,(anonymous_9)
FN:85,(anonymous_10)
FN:86,(anonymous_11)
FN:104,(anonymous_12)
FN:131,_toConsumableArray
FN:132,_nonIterableSpread
FN:133,_unsupportedIterableToArray
FN:134,_iterableToArray
FN:135,_arrayWithoutHoles
FN:136,_arrayLikeToArray
FN:159,render
FN:169,(anonymous_20)
FN:171,(anonymous_21)
FN:175,(anonymous_22)
FN:178,(anonymous_23)
FN:188,(anonymous_24)
FN:191,(anonymous_25)
FN:204,(anonymous_26)
FN:210,(anonymous_27)
FN:212,(anonymous_28)
FN:214,(anonymous_29)
FN:221,(anonymous_30)
FN:226,onClick
FN:235,onClick
FN:244,onClick
FN:264,(anonymous_34)
FN:268,(anonymous_35)
FN:274,(anonymous_36)
FN:276,(anonymous_37)
FN:278,(anonymous_38)
FN:285,(anonymous_39)
FN:290,onClick
FN:303,(anonymous_41)
FN:309,(anonymous_42)
FN:311,(anonymous_43)
FN:316,(anonymous_44)
FN:328,(anonymous_45)
FNF:46
FNH:0
FNDA:0,(anonymous_0)
FNDA:0,(anonymous_1)
FNDA:0,(anonymous_2)
FNDA:0,(anonymous_3)
FNDA:0,(anonymous_4)
FNDA:0,(anonymous_5)
FNDA:0,(anonymous_6)
FNDA:0,(anonymous_7)
FNDA:0,(anonymous_8)
FNDA:0,(anonymous_9)
FNDA:0,(anonymous_10)
FNDA:0,(anonymous_11)
FNDA:0,(anonymous_12)
FNDA:0,_toConsumableArray
FNDA:0,_nonIterableSpread
FNDA:0,_unsupportedIterableToArray
FNDA:0,_iterableToArray
FNDA:0,_arrayWithoutHoles
FNDA:0,_arrayLikeToArray
FNDA:0,render
FNDA:0,(anonymous_20)
FNDA:0,(anonymous_21)
FNDA:0,(anonymous_22)
FNDA:0,(anonymous_23)
FNDA:0,(anonymous_24)
FNDA:0,(anonymous_25)
FNDA:0,(anonymous_26)
FNDA:0,(anonymous_27)
FNDA:0,(anonymous_28)
FNDA:0,(anonymous_29)
FNDA:0,(anonymous_30)
FNDA:0,onClick
FNDA:0,onClick
FNDA:0,onClick
FNDA:0,(anonymous_34)
FNDA:0,(anonymous_35)
FNDA:0,(anonymous_36)
FNDA:0,(anonymous_37)
FNDA:0,(anonymous_38)
FNDA:0,(anonymous_39)
FNDA:0,onClick
FNDA:0,(anonymous_41)
FNDA:0,(anonymous_42)
FNDA:0,(anonymous_43)
FNDA:0,(anonymous_44)
FNDA:0,(anonymous_45)
DA:6,0
DA:7,0
DA:8,0
DA:9,0
DA:10,0
DA:11,0
DA:12,0
DA:13,0
DA:15,0
DA:18,0
DA:19,0
DA:20,0
DA:21,0
DA:22,0
DA:24,0
DA:25,0
DA:26,0
DA:27,0
DA:29,0
DA:30,0
DA:31,0
DA:32,0
DA:33,0
DA:34,0
DA:37,0
DA:38,0
DA:39,0
DA:44,0
DA:46,0
DA:47,0
DA:50,0
DA:51,0
DA:52,0
DA:53,0
DA:54,0
DA:57,0
DA:58,0
DA:59,0
DA:62,0
DA:63,0
DA:66,0
DA:67,0
DA:68,0
DA:73,0
DA:76,0
DA:77,0
DA:79,0
DA:80,0
DA:83,0
DA:84,0
DA:85,0
DA:86,0
DA:87,0
DA:92,0
DA:96,0
DA:97,0
DA:99,0
DA:100,0
DA:101,0
DA:104,0
DA:105,0
DA:107,0
DA:124,0
DA:126,0
DA:129,0
DA:130,0
DA:131,0
DA:132,0
DA:133,0
DA:134,0
DA:135,0
DA:136,0
DA:137,0
DA:143,0
DA:144,0
DA:145,0
DA:146,0
DA:149,0
DA:155,0
DA:156,0
DA:160,0
DA:161,0
DA:162,0
DA:163,0
DA:164,0
DA:165,0
DA:166,0
DA:167,0
DA:168,0
DA:170,0
DA:172,0
DA:176,0
DA:179,0
DA:189,0
DA:192,0
DA:205,0
DA:211,0
DA:213,0
DA:215,0
DA:222,0
DA:227,0
DA:236,0
DA:245,0
DA:265,0
DA:269,0
DA:275,0
DA:277,0
DA:279,0
DA:286,0
DA:291,0
DA:304,0
DA:310,0
DA:312,0
DA:317,0
DA:329,0
DA:335,0
LF:116
LH:0
BRDA:33,0,0,0
BRDA:33,0,1,0
BRDA:34,1,0,0
BRDA:34,1,1,0
BRDA:46,2,0,0
BRDA:46,2,1,0
BRDA:52,3,0,0
BRDA:52,3,1,0
BRDA:62,4,0,0
BRDA:62,4,1,0
BRDA:79,5,0,0
BRDA:79,5,1,0
BRDA:100,6,0,0
BRDA:100,6,1,0
BRDA:131,7,0,0
BRDA:131,7,1,0
BRDA:131,7,2,0
BRDA:131,7,3,0
BRDA:133,8,0,0
BRDA:133,8,1,0
BRDA:133,9,0,0
BRDA:133,9,1,0
BRDA:133,10,0,0
BRDA:133,10,1,0
BRDA:133,10,2,0
BRDA:133,11,0,0
BRDA:133,11,1,0
BRDA:133,12,0,0
BRDA:133,12,1,0
BRDA:133,13,0,0
BRDA:133,13,1,0
BRDA:133,14,0,0
BRDA:133,14,1,0
BRDA:134,15,0,0
BRDA:134,15,1,0
BRDA:134,16,0,0
BRDA:134,16,1,0
BRDA:134,16,2,0
BRDA:135,17,0,0
BRDA:135,17,1,0
BRDA:136,18,0,0
BRDA:136,18,1,0
BRDA:136,18,2,0
BRDA:170,19,0,0
BRDA:170,19,1,0
BRDA:170,20,0,0
BRDA:170,20,1,0
BRDA:178,21,0,0
BRDA:178,21,1,0
BRDA:191,22,0,0
BRDA:191,22,1,0
BRDA:195,23,0,0
BRDA:195,23,1,0
BRDA:229,24,0,0
BRDA:229,24,1,0
BRDA:229,25,0,0
BRDA:229,25,1,0
BRDA:257,26,0,0
BRDA:257,26,1,0
BRDA:257,27,0,0
BRDA:257,27,1,0
BRDA:265,28,0,0
BRDA:265,28,1,0
BRDA:268,29,0,0
BRDA:268,29,1,0
BRDA:303,30,0,0
BRDA:303,30,1,0
BRDA:303,31,0,0
BRDA:303,31,1,0
BRDA:303,32,0,0
BRDA:303,32,1,0
BRDA:324,33,0,0
BRDA:324,33,1,0
BRDA:324,34,0,0
BRDA:324,34,1,0
BRDA:328,35,0,0
BRDA:328,35,1,0
BRF:77
BRH:0
end_of_record
