{
  "RSpec": {
    "coverage": {
      "/backend/app/models/user.rb": {
        "lines": [
          1,
          1,
          1,
          null,
          null,
          1,
          null,
          null,
          null,
          null,
          1,
          1,
          1,
          1,
          1,
          1,
          1,
          1,
          null,
          1,
          76,
          null,
          null,
          1,
          4,
          null,
          null,
          1,
          90,
          null,
          null
        ]
      },
      "/backend/app/models/application_record.rb": {
        "lines": [
          1,
          1,
          null
        ]
      },
      "/backend/app/validators/password_validator.rb": {
        "lines": [
          1,
          1,
          212,
          null,
          211,
          3,
          null,
          null,
          211,
          1,
          null,
          null,
          211,
          3,
          null,
          null,
          211,
          3,
          null,
          null
        ]
      },
      "/backend/app/controllers/application_controller.rb": {
        "lines": [
          1,
          1,
          1,
          null,
          1,
          null,
          1,
          14,
          14,
          null,
          null,
          null,
          1,
          34,
          34,
          34,
          null,
          null,
          1,
          18,
          null,
          null,
          18,
          null,
          null,
          null
        ]
      },
      "/backend/app/models/conversation.rb": {
        "lines": [
          1,
          1,
          1,
          null,
          1,
          null,
          null,
          1,
          6,
          null,
          3,
          3,
          null,
          3,
          null,
          null
        ]
      },
      "/backend/app/models/message.rb": {
        "lines": [
          1,
          1,
          null,
          1,
          1,
          null
        ]
      },
      "/backend/app/models/person.rb": {
        "lines": [
          1,
          1,
          null,
          1,
          1,
          1,
          1,
          null,
          1,
          1,
          1,
          1,
          1,
          null,
          null
        ]
      },
      "/backend/app/models/refresh_token.rb": {
        "lines": [
          1,
          1,
          null,
          1,
          1,
          null,
          4,
          null,
          1,
          4,
          null,
          null,
          1,
          10,
          null,
          null,
          1,
          7,
          null,
          null,
          1,
          null,
          1,
          28,
          null,
          null,
          1,
          28,
          28,
          28,
          null,
          null
        ]
      },
      "/backend/app/models/role.rb": {
        "lines": [
          1,
          1,
          1,
          1,
          null
        ]
      },
      "/backend/app/models/user_role.rb": {
        "lines": [
          1,
          1,
          1,
          null
        ]
      },
      "/backend/app/policies/application_policy.rb": {
        "lines": [
          null,
          null,
          1,
          1,
          null,
          1,
          76,
          76,
          null,
          null,
          1,
          1,
          null,
          null,
          1,
          1,
          null,
          null,
          1,
          1,
          null,
          null,
          1,
          1,
          null,
          null,
          1,
          1,
          null,
          null,
          1,
          1,
          null,
          null,
          1,
          1,
          null,
          null,
          1,
          1,
          19,
          19,
          null,
          null,
          1,
          1,
          null,
          null,
          1,
          null,
          1,
          null,
          null
        ]
      },
      "/backend/app/policies/conversation_policy.rb": {
        "lines": [
          1,
          null,
          null,
          1,
          2,
          null,
          null,
          1,
          4,
          null,
          null,
          1,
          2,
          null,
          null,
          1,
          3,
          null,
          null,
          1,
          4,
          null,
          null,
          null,
          1,
          7,
          null,
          null,
          1,
          1,
          2,
          null,
          null,
          null,
          1,
          null,
          1,
          18,
          null,
          null
        ]
      },
      "/backend/app/policies/person_policy.rb": {
        "lines": [
          1,
          1,
          9,
          null,
          null,
          1,
          5,
          null,
          null,
          1,
          7,
          null,
          null,
          1,
          7,
          null,
          null,
          1,
          6,
          null,
          null,
          1,
          1,
          9,
          7,
          null,
          2,
          null,
          null,
          null,
          null,
          1,
          null,
          1,
          34,
          null,
          null
        ]
      },
      "/backend/app/policies/role_policy.rb": {
        "lines": [
          1,
          1,
          null,
          1,
          18,
          18,
          null,
          null,
          1,
          3,
          null,
          null,
          1,
          3,
          null,
          null,
          1,
          3,
          null,
          null,
          1,
          4,
          null,
          null,
          1,
          5,
          null,
          null,
          1,
          1,
          3,
          2,
          null,
          1,
          null,
          null,
          null
        ]
      },
      "/backend/app/policies/user_policy.rb": {
        "lines": [
          1,
          1,
          4,
          null,
          null,
          1,
          4,
          null,
          null,
          1,
          2,
          null,
          null,
          1,
          4,
          null,
          null,
          1,
          4,
          null,
          null,
          1,
          1,
          4,
          2,
          null,
          2,
          null,
          null,
          null
        ]
      },
      "/backend/app/services/ai_client.rb": {
        "lines": [
          null,
          null,
          null,
          null,
          null,
          1,
          1,
          null,
          1,
          null,
          null,
          null,
          null,
          null,
          null,
          1,
          6,
          6,
          6,
          6,
          null,
          6,
          6,
          null,
          6,
          null,
          4,
          1,
          null,
          null,
          3,
          3,
          null,
          2,
          null,
          null
        ]
      },
      "/backend/app/services/jwt_claims_service.rb": {
        "lines": [
          1,
          1,
          null,
          1,
          null,
          null,
          null,
          null,
          null,
          null,
          null
        ]
      },
      "/backend/app/controllers/users/registrations_controller.rb": {
        "lines": [
          1,
          1,
          null,
          1,
          2,
          2,
          2,
          2,
          2,
          1,
          null,
          null,
          null,
          null,
          null,
          1,
          null,
          null,
          null,
          1,
          null,
          1,
          6,
          null,
          4,
          null,
          null,
          null,
          null,
          2,
          null,
          null,
          null,
          1,
          2,
          null,
          null
        ]
      },
      "/backend/app/controllers/users/confirmations_controller.rb": {
        "lines": [
          1,
          1,
          null,
          1,
          null,
          1,
          2,
          null,
          2,
          null,
          null,
          null,
          0,
          null,
          null,
          null
        ]
      },
      "/backend/app/controllers/users/sessions_controller.rb": {
        "lines": [
          1,
          1,
          null,
          1,
          null,
          1,
          3,
          3,
          3,
          null,
          null,
          3,
          null,
          3,
          null,
          null,
          null,
          null,
          null,
          null,
          0,
          null,
          null,
          null,
          1,
          3,
          3,
          null,
          2,
          null,
          2,
          null,
          null,
          null,
          null,
          1,
          null,
          null
        ]
      },
      "/backend/app/serializers/user_serializer.rb": {
        "lines": [
          1,
          1,
          1,
          null,
          null,
          1,
          11,
          null,
          null
        ]
      },
      "/backend/app/controllers/users/refresh_tokens_controller.rb": {
        "lines": [
          1,
          1,
          null,
          1,
          4,
          4,
          null,
          4,
          2,
          2,
          null,
          null,
          null,
          2,
          null,
          null,
          2,
          null,
          null,
          2,
          null,
          null,
          null,
          null,
          null,
          null,
          null,
          null,
          null,
          1,
          null,
          1,
          1,
          null,
          null,
          1,
          1,
          null,
          0,
          0,
          null,
          null
        ]
      },
      "/backend/app/controllers/conversations_controller.rb": {
        "lines": [
          1,
          1,
          1,
          null,
          null,
          1,
          1,
          1,
          null,
          1,
          1,
          null,
          1,
          null,
          null,
          null,
          1,
          2,
          null,
          1,
          1,
          null,
          null,
          null,
          1,
          1,
          1,
          null,
          1,
          1,
          1,
          null,
          0,
          null,
          null,
          null,
          null,
          1,
          1,
          null,
          1,
          1,
          1,
          null,
          0,
          null,
          null,
          null,
          null,
          1,
          2,
          1,
          1,
          null,
          null,
          null,
          null,
          null,
          null,
          1,
          5,
          null,
          4,
          4,
          1,
          null,
          null,
          null,
          3,
          null,
          null,
          3,
          null,
          null,
          null,
          3,
          null,
          1,
          null,
          null,
          null,
          null,
          null,
          null,
          null,
          2,
          2,
          null,
          2,
          2,
          null,
          null,
          1,
          null,
          1,
          10,
          null,
          null,
          1,
          2,
          2,
          null,
          0,
          null,
          null,
          null
        ]
      },
      "/backend/app/serializers/conversation_serializer.rb": {
        "lines": [
          1,
          1,
          1,
          null,
          1,
          6,
          6,
          null,
          null,
          null
        ]
      },
      "/backend/app/serializers/message_serializer.rb": {
        "lines": [
          1,
          1,
          1,
          null
        ]
      },
      "/backend/app/controllers/users/passwords_controller.rb": {
        "lines": [
          1,
          1,
          null,
          1,
          null,
          1,
          4,
          2,
          null,
          null,
          2,
          1,
          null,
          null,
          null,
          1,
          null,
          null
        ]
      },
      "/backend/app/controllers/people_controller.rb": {
        "lines": [
          1,
          1,
          1,
          null,
          null,
          1,
          6,
          6,
          null,
          5,
          null,
          5,
          5,
          5,
          null,
          12,
          5,
          null,
          null,
          null,
          1,
          2,
          1,
          null,
          null,
          null,
          1,
          4,
          4,
          4,
          4,
          null,
          3,
          2,
          null,
          1,
          null,
          null,
          null,
          null,
          1,
          4,
          3,
          null,
          3,
          2,
          null,
          1,
          null,
          null,
          null,
          null,
          1,
          3,
          2,
          2,
          2,
          null,
          null,
          1,
          null,
          1,
          10,
          null,
          null,
          1,
          5,
          null,
          null,
          1,
          7,
          null,
          null,
          null,
          null,
          null,
          null,
          null,
          null,
          null,
          null,
          null,
          null
        ]
      },
      "/backend/app/serializers/person_serializer.rb": {
        "lines": [
          1,
          1,
          null,
          1,
          null,
          null,
          null,
          null,
          null,
          null,
          null,
          null,
          null,
          null,
          null,
          null,
          null,
          1,
          12,
          0,
          null,
          null,
          null,
          1,
          12,
          null,
          null,
          1,
          12,
          null,
          null,
          1,
          12,
          null,
          null
        ]
      },
      "/backend/app/controllers/roles_controller.rb": {
        "lines": [
          1,
          1,
          1,
          null,
          null,
          1,
          1,
          1,
          5,
          1,
          null,
          null,
          null,
          1,
          1,
          1,
          1,
          null,
          null,
          null,
          1,
          1,
          1,
          1,
          1,
          1,
          null,
          0,
          null,
          null,
          null,
          null,
          1,
          2,
          2,
          1,
          1,
          null,
          1,
          null,
          null,
          null,
          null,
          1,
          2,
          1,
          1,
          null,
          null,
          1,
          null,
          1,
          6,
          null,
          null,
          null,
          1,
          3,
          null,
          null
        ]
      },
      "/backend/app/serializers/role_serializer.rb": {
        "lines": [
          1,
          1,
          1,
          null,
          1,
          7,
          null,
          null
        ]
      },
      "/backend/app/controllers/users/events_controller.rb": {
        "lines": [
          1,
          1,
          1,
          null,
          1,
          6,
          2,
          2,
          null,
          null,
          4,
          3,
          1,
          1,
          null,
          null,
          2,
          2,
          null,
          null,
          1,
          6,
          6,
          null,
          6,
          3,
          3,
          null,
          null,
          null,
          3,
          0,
          0,
          null,
          null,
          3,
          3,
          null,
          null
        ]
      },
      "/backend/app/models/ahoy/event.rb": {
        "lines": [
          1,
          1,
          null,
          1,
          null,
          1,
          1,
          null
        ]
      },
      "/backend/app/controllers/users_controller.rb": {
        "lines": [
          1,
          1,
          null,
          null,
          1,
          2,
          2,
          6,
          1,
          null,
          null,
          1,
          3,
          2,
          1,
          1,
          null,
          null,
          1,
          3,
          2,
          1,
          1,
          1,
          null,
          0,
          null,
          null,
          null,
          null,
          1,
          3,
          2,
          1,
          1,
          null,
          0,
          null,
          null,
          null,
          1,
          null,
          1,
          1,
          null
        ]
      },
      "/backend/app/jobs/application_job.rb": {
        "lines": [
          0,
          null,
          null,
          null,
          null,
          null,
          0
        ],
        "branches": {}
      },
      "/backend/app/mailers/application_mailer.rb": {
        "lines": [
          0,
          0,
          0,
          0
        ],
        "branches": {}
      },
      "/backend/app/models/ahoy/visit.rb": {
        "lines": [
          0,
          0,
          null,
          0,
          0,
          0
        ],
        "branches": {}
      }
    },
    "timestamp": 1775339530
  }
}
